;  LST file generated by mikroListExporter - v.2.0 
; Date/Time: 15/11/2016 21:13:34
;----------------------------------------------

;Address Opcode 	ASM
0x0000	0x2BB5      	GOTO       949
_Delay_50us:
;__Lib_Delays.c,19 :: 		void Delay_50us() {
;__Lib_Delays.c,20 :: 		Delay_us(50);
0x0003	0x3021      	MOVLW      33
0x0004	0x1283      	BCF        STATUS, 5
0x0005	0x1303      	BCF        STATUS, 6
0x0006	0x00FD      	MOVWF      R13
L_Delay_50us2:
0x0007	0x0BFD      	DECFSZ     R13, 1
0x0008	0x2807      	GOTO       L_Delay_50us2
;__Lib_Delays.c,21 :: 		}
L_end_Delay_50us:
0x0009	0x0008      	RETURN
; end of _Delay_50us
_Delay_1us:
;__Lib_Delays.c,7 :: 		void Delay_1us() {
;__Lib_Delays.c,8 :: 		Delay_us(1);
0x000A	0x0000      	NOP
0x000B	0x0000      	NOP
;__Lib_Delays.c,9 :: 		}
L_end_Delay_1us:
0x000C	0x0008      	RETURN
; end of _Delay_1us
_Delay_5500us:
;__Lib_Delays.c,31 :: 		void Delay_5500us() {
;__Lib_Delays.c,32 :: 		Delay_us(5500);
0x000D	0x300F      	MOVLW      15
0x000E	0x1283      	BCF        STATUS, 5
0x000F	0x1303      	BCF        STATUS, 6
0x0010	0x00FC      	MOVWF      R12
0x0011	0x3047      	MOVLW      71
0x0012	0x00FD      	MOVWF      R13
L_Delay_5500us5:
0x0013	0x0BFD      	DECFSZ     R13, 1
0x0014	0x2813      	GOTO       L_Delay_5500us5
0x0015	0x0BFC      	DECFSZ     R12, 1
0x0016	0x2813      	GOTO       L_Delay_5500us5
0x0017	0x0000      	NOP
0x0018	0x0000      	NOP
;__Lib_Delays.c,33 :: 		}
L_end_Delay_5500us:
0x0019	0x0008      	RETURN
; end of _Delay_5500us
_Lcd_Cmd:
;__Lib_Lcd.c,18 :: 		
;__Lib_Lcd.c,20 :: 		
0x001A	0x1283      	BCF        STATUS, 5
0x001B	0x1303      	BCF        STATUS, 6
0x001C	0x1BC6      	BTFSC      FARG_Lcd_Cmd_out_char, 7
0x001D	0x2820      	GOTO       L__Lcd_Cmd21
0x001E	0x1186      	BCF        LCD_D7, BitPos(LCD_D7+0)
0x001F	0x2821      	GOTO       L__Lcd_Cmd22
L__Lcd_Cmd21:
0x0020	0x1586      	BSF        LCD_D7, BitPos(LCD_D7+0)
L__Lcd_Cmd22:
;__Lib_Lcd.c,21 :: 		
0x0021	0x1B46      	BTFSC      FARG_Lcd_Cmd_out_char, 6
0x0022	0x2825      	GOTO       L__Lcd_Cmd23
0x0023	0x1106      	BCF        LCD_D6, BitPos(LCD_D6+0)
0x0024	0x2826      	GOTO       L__Lcd_Cmd24
L__Lcd_Cmd23:
0x0025	0x1506      	BSF        LCD_D6, BitPos(LCD_D6+0)
L__Lcd_Cmd24:
;__Lib_Lcd.c,22 :: 		
0x0026	0x1AC6      	BTFSC      FARG_Lcd_Cmd_out_char, 5
0x0027	0x282A      	GOTO       L__Lcd_Cmd25
0x0028	0x1086      	BCF        LCD_D5, BitPos(LCD_D5+0)
0x0029	0x282B      	GOTO       L__Lcd_Cmd26
L__Lcd_Cmd25:
0x002A	0x1486      	BSF        LCD_D5, BitPos(LCD_D5+0)
L__Lcd_Cmd26:
;__Lib_Lcd.c,23 :: 		
0x002B	0x1A46      	BTFSC      FARG_Lcd_Cmd_out_char, 4
0x002C	0x282F      	GOTO       L__Lcd_Cmd27
0x002D	0x1006      	BCF        LCD_D4, BitPos(LCD_D4+0)
0x002E	0x2830      	GOTO       L__Lcd_Cmd28
L__Lcd_Cmd27:
0x002F	0x1406      	BSF        LCD_D4, BitPos(LCD_D4+0)
L__Lcd_Cmd28:
;__Lib_Lcd.c,25 :: 		
0x0030	0x1835      	BTFSC      __Lib_Lcd_cmd_status, BitPos(__Lib_Lcd_cmd_status+0)
0x0031	0x2834      	GOTO       L__Lcd_Cmd29
0x0032	0x1606      	BSF        LCD_RS, BitPos(LCD_RS+0)
0x0033	0x2835      	GOTO       L__Lcd_Cmd30
L__Lcd_Cmd29:
0x0034	0x1206      	BCF        LCD_RS, BitPos(LCD_RS+0)
L__Lcd_Cmd30:
;__Lib_Lcd.c,28 :: 		
0x0035	0x1686      	BSF        LCD_EN, BitPos(LCD_EN+0)
;__Lib_Lcd.c,29 :: 		
0x0036	0x200A      	CALL       _Delay_1us
;__Lib_Lcd.c,30 :: 		
0x0037	0x1286      	BCF        LCD_EN, BitPos(LCD_EN+0)
;__Lib_Lcd.c,33 :: 		
0x0038	0x19C6      	BTFSC      FARG_Lcd_Cmd_out_char, 3
0x0039	0x283C      	GOTO       L__Lcd_Cmd31
0x003A	0x1186      	BCF        LCD_D7, BitPos(LCD_D7+0)
0x003B	0x283D      	GOTO       L__Lcd_Cmd32
L__Lcd_Cmd31:
0x003C	0x1586      	BSF        LCD_D7, BitPos(LCD_D7+0)
L__Lcd_Cmd32:
;__Lib_Lcd.c,34 :: 		
0x003D	0x1946      	BTFSC      FARG_Lcd_Cmd_out_char, 2
0x003E	0x2841      	GOTO       L__Lcd_Cmd33
0x003F	0x1106      	BCF        LCD_D6, BitPos(LCD_D6+0)
0x0040	0x2842      	GOTO       L__Lcd_Cmd34
L__Lcd_Cmd33:
0x0041	0x1506      	BSF        LCD_D6, BitPos(LCD_D6+0)
L__Lcd_Cmd34:
;__Lib_Lcd.c,35 :: 		
0x0042	0x18C6      	BTFSC      FARG_Lcd_Cmd_out_char, 1
0x0043	0x2846      	GOTO       L__Lcd_Cmd35
0x0044	0x1086      	BCF        LCD_D5, BitPos(LCD_D5+0)
0x0045	0x2847      	GOTO       L__Lcd_Cmd36
L__Lcd_Cmd35:
0x0046	0x1486      	BSF        LCD_D5, BitPos(LCD_D5+0)
L__Lcd_Cmd36:
;__Lib_Lcd.c,36 :: 		
0x0047	0x1846      	BTFSC      FARG_Lcd_Cmd_out_char, 0
0x0048	0x284B      	GOTO       L__Lcd_Cmd37
0x0049	0x1006      	BCF        LCD_D4, BitPos(LCD_D4+0)
0x004A	0x284C      	GOTO       L__Lcd_Cmd38
L__Lcd_Cmd37:
0x004B	0x1406      	BSF        LCD_D4, BitPos(LCD_D4+0)
L__Lcd_Cmd38:
;__Lib_Lcd.c,38 :: 		
0x004C	0x1835      	BTFSC      __Lib_Lcd_cmd_status, BitPos(__Lib_Lcd_cmd_status+0)
0x004D	0x2850      	GOTO       L__Lcd_Cmd39
0x004E	0x1606      	BSF        LCD_RS, BitPos(LCD_RS+0)
0x004F	0x2851      	GOTO       L__Lcd_Cmd40
L__Lcd_Cmd39:
0x0050	0x1206      	BCF        LCD_RS, BitPos(LCD_RS+0)
L__Lcd_Cmd40:
;__Lib_Lcd.c,40 :: 		
0x0051	0x1686      	BSF        LCD_EN, BitPos(LCD_EN+0)
;__Lib_Lcd.c,41 :: 		
0x0052	0x200A      	CALL       _Delay_1us
;__Lib_Lcd.c,42 :: 		
0x0053	0x1286      	BCF        LCD_EN, BitPos(LCD_EN+0)
;__Lib_Lcd.c,44 :: 		
0x0054	0x1C35      	BTFSS      __Lib_Lcd_cmd_status, BitPos(__Lib_Lcd_cmd_status+0)
0x0055	0x2858      	GOTO       L_Lcd_Cmd0
;__Lib_Lcd.c,45 :: 		
0x0056	0x200D      	CALL       _Delay_5500us
0x0057	0x2859      	GOTO       L_Lcd_Cmd1
L_Lcd_Cmd0:
;__Lib_Lcd.c,47 :: 		
0x0058	0x2003      	CALL       _Delay_50us
L_Lcd_Cmd1:
;__Lib_Lcd.c,48 :: 		
L_end_Lcd_Cmd:
0x0059	0x0008      	RETURN
; end of _Lcd_Cmd
_____DoICP:
;__Lib_System.c,6 :: 		
;__Lib_System.c,9 :: 		
0x005A	0x1283      	BCF        STATUS, 5
0x005B	0x1303      	BCF        STATUS, 6
0x005C	0x0834      	MOVF       ___DoICPAddr+1, 0
0x005D	0x008A      	MOVWF      PCLATH
;__Lib_System.c,10 :: 		
0x005E	0x0833      	MOVF       ___DoICPAddr, 0
0x005F	0x0082      	MOVWF      PCL
;__Lib_System.c,12 :: 		
L_end_____DoICP:
0x0060	0x0008      	RETURN
; end of _____DoICP
_Lcd_Chr:
;__Lib_Lcd.c,65 :: 		
;__Lib_Lcd.c,66 :: 		
0x0061	0x2873      	GOTO       L_Lcd_Chr4
;__Lib_Lcd.c,67 :: 		
L_Lcd_Chr6:
0x0062	0x3080      	MOVLW      128
0x0063	0x1283      	BCF        STATUS, 5
0x0064	0x1303      	BCF        STATUS, 6
0x0065	0x00C3      	MOVWF      FARG_Lcd_Chr_row
0x0066	0x2886      	GOTO       L_Lcd_Chr5
;__Lib_Lcd.c,68 :: 		
L_Lcd_Chr7:
0x0067	0x30C0      	MOVLW      192
0x0068	0x00C3      	MOVWF      FARG_Lcd_Chr_row
0x0069	0x2886      	GOTO       L_Lcd_Chr5
;__Lib_Lcd.c,69 :: 		
L_Lcd_Chr8:
0x006A	0x3094      	MOVLW      148
0x006B	0x00C3      	MOVWF      FARG_Lcd_Chr_row
0x006C	0x2886      	GOTO       L_Lcd_Chr5
;__Lib_Lcd.c,70 :: 		
L_Lcd_Chr9:
0x006D	0x30D4      	MOVLW      212
0x006E	0x00C3      	MOVWF      FARG_Lcd_Chr_row
0x006F	0x2886      	GOTO       L_Lcd_Chr5
;__Lib_Lcd.c,71 :: 		
L_Lcd_Chr10:
0x0070	0x3080      	MOVLW      128
0x0071	0x00C3      	MOVWF      FARG_Lcd_Chr_row
;__Lib_Lcd.c,72 :: 		
0x0072	0x2886      	GOTO       L_Lcd_Chr5
L_Lcd_Chr4:
0x0073	0x1283      	BCF        STATUS, 5
0x0074	0x1303      	BCF        STATUS, 6
0x0075	0x0843      	MOVF       FARG_Lcd_Chr_row, 0
0x0076	0x3A01      	XORLW      1
0x0077	0x1903      	BTFSC      STATUS, 2
0x0078	0x2862      	GOTO       L_Lcd_Chr6
0x0079	0x0843      	MOVF       FARG_Lcd_Chr_row, 0
0x007A	0x3A02      	XORLW      2
0x007B	0x1903      	BTFSC      STATUS, 2
0x007C	0x2867      	GOTO       L_Lcd_Chr7
0x007D	0x0843      	MOVF       FARG_Lcd_Chr_row, 0
0x007E	0x3A03      	XORLW      3
0x007F	0x1903      	BTFSC      STATUS, 2
0x0080	0x286A      	GOTO       L_Lcd_Chr8
0x0081	0x0843      	MOVF       FARG_Lcd_Chr_row, 0
0x0082	0x3A04      	XORLW      4
0x0083	0x1903      	BTFSC      STATUS, 2
0x0084	0x286D      	GOTO       L_Lcd_Chr9
0x0085	0x2870      	GOTO       L_Lcd_Chr10
L_Lcd_Chr5:
;__Lib_Lcd.c,74 :: 		
0x0086	0x0344      	DECF       FARG_Lcd_Chr_column, 0
0x0087	0x00F0      	MOVWF      R0
0x0088	0x0843      	MOVF       FARG_Lcd_Chr_row, 0
0x0089	0x07F0      	ADDWF      R0, 1
0x008A	0x0870      	MOVF       R0, 0
0x008B	0x00C3      	MOVWF      FARG_Lcd_Chr_row
;__Lib_Lcd.c,76 :: 		
0x008C	0x1435      	BSF        __Lib_Lcd_cmd_status, BitPos(__Lib_Lcd_cmd_status+0)
;__Lib_Lcd.c,77 :: 		
0x008D	0x0870      	MOVF       R0, 0
0x008E	0x00C6      	MOVWF      FARG_Lcd_Cmd_out_char
0x008F	0x201A      	CALL       _Lcd_Cmd
;__Lib_Lcd.c,79 :: 		
0x0090	0x1035      	BCF        __Lib_Lcd_cmd_status, BitPos(__Lib_Lcd_cmd_status+0)
;__Lib_Lcd.c,80 :: 		
0x0091	0x0845      	MOVF       FARG_Lcd_Chr_out_char, 0
0x0092	0x00C6      	MOVWF      FARG_Lcd_Cmd_out_char
0x0093	0x201A      	CALL       _Lcd_Cmd
;__Lib_Lcd.c,81 :: 		
0x0094	0x1435      	BSF        __Lib_Lcd_cmd_status, BitPos(__Lib_Lcd_cmd_status+0)
;__Lib_Lcd.c,82 :: 		
L_end_Lcd_Chr:
0x0095	0x0008      	RETURN
; end of _Lcd_Chr
_ver:
;MyProject.c,46 :: 		void ver(unsigned char F, const unsigned char txt[])
;MyProject.c,49 :: 		for(i=0;i<16;i++)
0x0096	0x1283      	BCF        STATUS, 5
0x0097	0x1303      	BCF        STATUS, 6
0x0098	0x01B8      	CLRF       _i
L_ver0:
0x0099	0x3010      	MOVLW      16
0x009A	0x0238      	SUBWF      _i, 0
0x009B	0x1803      	BTFSC      STATUS, 0
0x009C	0x28B3      	GOTO       L_ver1
;MyProject.c,51 :: 		Lcd_chr(f,i+1,txt[i]);
0x009D	0x0840      	MOVF       FARG_ver_F, 0
0x009E	0x00C3      	MOVWF      FARG_Lcd_Chr_row
0x009F	0x0A38      	INCF       _i, 0
0x00A0	0x00C4      	MOVWF      FARG_Lcd_Chr_column
0x00A1	0x0838      	MOVF       _i, 0
0x00A2	0x0741      	ADDWF      FARG_ver_txt, 0
0x00A3	0x00F0      	MOVWF      R0
0x00A4	0x0842      	MOVF       FARG_ver_txt+1, 0
0x00A5	0x1803      	BTFSC      STATUS, 0
0x00A6	0x3E01      	ADDLW      1
0x00A7	0x00F1      	MOVWF      R0+1
0x00A8	0x0870      	MOVF       R0, 0
0x00A9	0x00B3      	MOVWF      ___DoICPAddr
0x00AA	0x0871      	MOVF       R0+1, 0
0x00AB	0x00B4      	MOVWF      ___DoICPAddr+1
0x00AC	0x205A      	CALL       _____DoICP
0x00AD	0x118A      	BCF        PCLATH, 3
0x00AE	0x120A      	BCF        PCLATH, 4
0x00AF	0x00C5      	MOVWF      FARG_Lcd_Chr_out_char
0x00B0	0x2061      	CALL       _Lcd_Chr
;MyProject.c,49 :: 		for(i=0;i<16;i++)
0x00B1	0x0AB8      	INCF       _i, 1
;MyProject.c,52 :: 		}
0x00B2	0x2899      	GOTO       L_ver0
L_ver1:
;MyProject.c,53 :: 		}
L_end_ver:
0x00B3	0x0008      	RETURN
; end of _ver
_Giro3:
;MyProject.c,77 :: 		Giro3(){
;MyProject.c,78 :: 		for(VALOR2=0;VALOR2<=17;VALOR2++)
0x00B4	0x1283      	BCF        STATUS, 5
0x00B5	0x1303      	BCF        STATUS, 6
0x00B6	0x01B6      	CLRF       _VALOR2
0x00B7	0x01B7      	CLRF       _VALOR2+1
L_Giro313:
0x00B8	0x0837      	MOVF       _VALOR2+1, 0
0x00B9	0x3C00      	SUBLW      0
0x00BA	0x1D03      	BTFSS      STATUS, 2
0x00BB	0x28BE      	GOTO       L__Giro3126
0x00BC	0x0836      	MOVF       _VALOR2, 0
0x00BD	0x3C11      	SUBLW      17
L__Giro3126:
0x00BE	0x1C03      	BTFSS      STATUS, 0
0x00BF	0x28E0      	GOTO       L_Giro314
;MyProject.c,80 :: 		ver(1,txt22);
0x00C0	0x3001      	MOVLW      1
0x00C1	0x00C0      	MOVWF      FARG_ver_F
0x00C2	0x3089      	MOVLW      _txt22
0x00C3	0x00C1      	MOVWF      FARG_ver_txt
0x00C4	0x3006      	MOVLW      hi_addr(_txt22)
0x00C5	0x00C2      	MOVWF      FARG_ver_txt+1
0x00C6	0x2096      	CALL       _ver
;MyProject.c,81 :: 		PORTE.f0=1;
0x00C7	0x1409      	BSF        PORTE, 0
;MyProject.c,82 :: 		delay_us(2000);
0x00C8	0x3006      	MOVLW      6
0x00C9	0x00FC      	MOVWF      R12
0x00CA	0x3030      	MOVLW      48
0x00CB	0x00FD      	MOVWF      R13
L_Giro316:
0x00CC	0x0BFD      	DECFSZ     R13, 1
0x00CD	0x28CC      	GOTO       L_Giro316
0x00CE	0x0BFC      	DECFSZ     R12, 1
0x00CF	0x28CC      	GOTO       L_Giro316
0x00D0	0x0000      	NOP
;MyProject.c,83 :: 		PORTE.f0=0;
0x00D1	0x1009      	BCF        PORTE, 0
;MyProject.c,84 :: 		delay_us(18000);
0x00D2	0x302F      	MOVLW      47
0x00D3	0x00FC      	MOVWF      R12
0x00D4	0x30BF      	MOVLW      191
0x00D5	0x00FD      	MOVWF      R13
L_Giro317:
0x00D6	0x0BFD      	DECFSZ     R13, 1
0x00D7	0x28D6      	GOTO       L_Giro317
0x00D8	0x0BFC      	DECFSZ     R12, 1
0x00D9	0x28D6      	GOTO       L_Giro317
0x00DA	0x0000      	NOP
0x00DB	0x0000      	NOP
;MyProject.c,78 :: 		for(VALOR2=0;VALOR2<=17;VALOR2++)
0x00DC	0x0AB6      	INCF       _VALOR2, 1
0x00DD	0x1903      	BTFSC      STATUS, 2
0x00DE	0x0AB7      	INCF       _VALOR2+1, 1
;MyProject.c,85 :: 		}
0x00DF	0x28B8      	GOTO       L_Giro313
L_Giro314:
;MyProject.c,86 :: 		}
L_end_Giro3:
0x00E0	0x0008      	RETURN
; end of _Giro3
_Lcd_Chr_CP:
;__Lib_Lcd.c,50 :: 		
;__Lib_Lcd.c,52 :: 		
0x00E1	0x1283      	BCF        STATUS, 5
0x00E2	0x1303      	BCF        STATUS, 6
0x00E3	0x1035      	BCF        __Lib_Lcd_cmd_status, BitPos(__Lib_Lcd_cmd_status+0)
;__Lib_Lcd.c,53 :: 		
0x00E4	0x083F      	MOVF       FARG_Lcd_Chr_CP_out_char, 0
0x00E5	0x00C6      	MOVWF      FARG_Lcd_Cmd_out_char
0x00E6	0x201A      	CALL       _Lcd_Cmd
;__Lib_Lcd.c,54 :: 		
0x00E7	0x1435      	BSF        __Lib_Lcd_cmd_status, BitPos(__Lib_Lcd_cmd_status+0)
;__Lib_Lcd.c,55 :: 		
L_end_Lcd_Chr_CP:
0x00E8	0x0008      	RETURN
; end of _Lcd_Chr_CP
_Giro2:
;MyProject.c,66 :: 		Giro2(){
;MyProject.c,67 :: 		for(VALOR1=0;VALOR1<=20;VALOR1++)
0x00E9	0x1283      	BCF        STATUS, 5
0x00EA	0x1303      	BCF        STATUS, 6
0x00EB	0x01AA      	CLRF       _VALOR1
0x00EC	0x01AB      	CLRF       _VALOR1+1
L_Giro28:
0x00ED	0x082B      	MOVF       _VALOR1+1, 0
0x00EE	0x3C00      	SUBLW      0
0x00EF	0x1D03      	BTFSS      STATUS, 2
0x00F0	0x28F3      	GOTO       L__Giro2124
0x00F1	0x082A      	MOVF       _VALOR1, 0
0x00F2	0x3C14      	SUBLW      20
L__Giro2124:
0x00F3	0x1C03      	BTFSS      STATUS, 0
0x00F4	0x2915      	GOTO       L_Giro29
;MyProject.c,69 :: 		ver(1,txt21);
0x00F5	0x3001      	MOVLW      1
0x00F6	0x00C0      	MOVWF      FARG_ver_F
0x00F7	0x3078      	MOVLW      _txt21
0x00F8	0x00C1      	MOVWF      FARG_ver_txt
0x00F9	0x3006      	MOVLW      hi_addr(_txt21)
0x00FA	0x00C2      	MOVWF      FARG_ver_txt+1
0x00FB	0x2096      	CALL       _ver
;MyProject.c,70 :: 		PORTE.f0=1;
0x00FC	0x1409      	BSF        PORTE, 0
;MyProject.c,71 :: 		delay_us(800);
0x00FD	0x3003      	MOVLW      3
0x00FE	0x00FC      	MOVWF      R12
0x00FF	0x3012      	MOVLW      18
0x0100	0x00FD      	MOVWF      R13
L_Giro211:
0x0101	0x0BFD      	DECFSZ     R13, 1
0x0102	0x2901      	GOTO       L_Giro211
0x0103	0x0BFC      	DECFSZ     R12, 1
0x0104	0x2901      	GOTO       L_Giro211
0x0105	0x0000      	NOP
;MyProject.c,72 :: 		PORTE.f0=0;
0x0106	0x1009      	BCF        PORTE, 0
;MyProject.c,73 :: 		delay_us(19200);
0x0107	0x3032      	MOVLW      50
0x0108	0x00FC      	MOVWF      R12
0x0109	0x30DD      	MOVLW      221
0x010A	0x00FD      	MOVWF      R13
L_Giro212:
0x010B	0x0BFD      	DECFSZ     R13, 1
0x010C	0x290B      	GOTO       L_Giro212
0x010D	0x0BFC      	DECFSZ     R12, 1
0x010E	0x290B      	GOTO       L_Giro212
0x010F	0x0000      	NOP
0x0110	0x0000      	NOP
;MyProject.c,67 :: 		for(VALOR1=0;VALOR1<=20;VALOR1++)
0x0111	0x0AAA      	INCF       _VALOR1, 1
0x0112	0x1903      	BTFSC      STATUS, 2
0x0113	0x0AAB      	INCF       _VALOR1+1, 1
;MyProject.c,74 :: 		}
0x0114	0x28ED      	GOTO       L_Giro28
L_Giro29:
;MyProject.c,75 :: 		}
L_end_Giro2:
0x0115	0x0008      	RETURN
; end of _Giro2
_Giro1:
;MyProject.c,55 :: 		Giro1()
;MyProject.c,57 :: 		for(VALOR=0;VALOR<=18;VALOR++){
0x0116	0x1283      	BCF        STATUS, 5
0x0117	0x1303      	BCF        STATUS, 6
0x0118	0x01B9      	CLRF       _VALOR
0x0119	0x01BA      	CLRF       _VALOR+1
L_Giro13:
0x011A	0x083A      	MOVF       _VALOR+1, 0
0x011B	0x3C00      	SUBLW      0
0x011C	0x1D03      	BTFSS      STATUS, 2
0x011D	0x2920      	GOTO       L__Giro1122
0x011E	0x0839      	MOVF       _VALOR, 0
0x011F	0x3C12      	SUBLW      18
L__Giro1122:
0x0120	0x1C03      	BTFSS      STATUS, 0
0x0121	0x2942      	GOTO       L_Giro14
;MyProject.c,58 :: 		ver(1,txt20);
0x0122	0x3001      	MOVLW      1
0x0123	0x00C0      	MOVWF      FARG_ver_F
0x0124	0x3067      	MOVLW      _txt20
0x0125	0x00C1      	MOVWF      FARG_ver_txt
0x0126	0x3006      	MOVLW      hi_addr(_txt20)
0x0127	0x00C2      	MOVWF      FARG_ver_txt+1
0x0128	0x2096      	CALL       _ver
;MyProject.c,59 :: 		PORTE.F0=1;
0x0129	0x1409      	BSF        PORTE, 0
;MyProject.c,60 :: 		delay_us(1500);
0x012A	0x3004      	MOVLW      4
0x012B	0x00FC      	MOVWF      R12
0x012C	0x30E4      	MOVLW      228
0x012D	0x00FD      	MOVWF      R13
L_Giro16:
0x012E	0x0BFD      	DECFSZ     R13, 1
0x012F	0x292E      	GOTO       L_Giro16
0x0130	0x0BFC      	DECFSZ     R12, 1
0x0131	0x292E      	GOTO       L_Giro16
0x0132	0x0000      	NOP
;MyProject.c,61 :: 		PORTE.F0=0;
0x0133	0x1009      	BCF        PORTE, 0
;MyProject.c,62 :: 		delay_us(18500);
0x0134	0x3031      	MOVLW      49
0x0135	0x00FC      	MOVWF      R12
0x0136	0x300B      	MOVLW      11
0x0137	0x00FD      	MOVWF      R13
L_Giro17:
0x0138	0x0BFD      	DECFSZ     R13, 1
0x0139	0x2938      	GOTO       L_Giro17
0x013A	0x0BFC      	DECFSZ     R12, 1
0x013B	0x2938      	GOTO       L_Giro17
0x013C	0x0000      	NOP
0x013D	0x0000      	NOP
;MyProject.c,57 :: 		for(VALOR=0;VALOR<=18;VALOR++){
0x013E	0x0AB9      	INCF       _VALOR, 1
0x013F	0x1903      	BTFSC      STATUS, 2
0x0140	0x0ABA      	INCF       _VALOR+1, 1
;MyProject.c,63 :: 		}
0x0141	0x291A      	GOTO       L_Giro13
L_Giro14:
;MyProject.c,64 :: 		}
L_end_Giro1:
0x0142	0x0008      	RETURN
; end of _Giro1
_teclado:
;MyProject.c,262 :: 		void teclado()
;MyProject.c,264 :: 		temp = 0;
0x0143	0x1283      	BCF        STATUS, 5
0x0144	0x1303      	BCF        STATUS, 6
0x0145	0x01B2      	CLRF       _temp
;MyProject.c,265 :: 		PORTD = 0xF0;
0x0146	0x30F0      	MOVLW      240
0x0147	0x0088      	MOVWF      PORTD
;MyProject.c,266 :: 		if (PORTD != 0xF0)
0x0148	0x0808      	MOVF       PORTD, 0
0x0149	0x3AF0      	XORLW      240
0x014A	0x1903      	BTFSC      STATUS, 2
0x014B	0x29C8      	GOTO       L_teclado74
;MyProject.c,268 :: 		PORTD = 0xFE;
0x014C	0x30FE      	MOVLW      254
0x014D	0x0088      	MOVWF      PORTD
;MyProject.c,269 :: 		switch (PORTD)
0x014E	0x295B      	GOTO       L_teclado75
;MyProject.c,271 :: 		case 0xEE: temp = '1'; break;
L_teclado77:
0x014F	0x3031      	MOVLW      49
0x0150	0x00B2      	MOVWF      _temp
0x0151	0x296B      	GOTO       L_teclado76
;MyProject.c,272 :: 		case 0xDE: temp = '2'; break;
L_teclado78:
0x0152	0x3032      	MOVLW      50
0x0153	0x00B2      	MOVWF      _temp
0x0154	0x296B      	GOTO       L_teclado76
;MyProject.c,273 :: 		case 0xBE: temp = '3'; break;
L_teclado79:
0x0155	0x3033      	MOVLW      51
0x0156	0x00B2      	MOVWF      _temp
0x0157	0x296B      	GOTO       L_teclado76
;MyProject.c,274 :: 		case 0x7E: temp = 'A'; break;
L_teclado80:
0x0158	0x3041      	MOVLW      65
0x0159	0x00B2      	MOVWF      _temp
0x015A	0x296B      	GOTO       L_teclado76
;MyProject.c,275 :: 		}
L_teclado75:
0x015B	0x0808      	MOVF       PORTD, 0
0x015C	0x3AEE      	XORLW      238
0x015D	0x1903      	BTFSC      STATUS, 2
0x015E	0x294F      	GOTO       L_teclado77
0x015F	0x0808      	MOVF       PORTD, 0
0x0160	0x3ADE      	XORLW      222
0x0161	0x1903      	BTFSC      STATUS, 2
0x0162	0x2952      	GOTO       L_teclado78
0x0163	0x0808      	MOVF       PORTD, 0
0x0164	0x3ABE      	XORLW      190
0x0165	0x1903      	BTFSC      STATUS, 2
0x0166	0x2955      	GOTO       L_teclado79
0x0167	0x0808      	MOVF       PORTD, 0
0x0168	0x3A7E      	XORLW      126
0x0169	0x1903      	BTFSC      STATUS, 2
0x016A	0x2958      	GOTO       L_teclado80
L_teclado76:
;MyProject.c,276 :: 		PORTD = 0xFD;
0x016B	0x30FD      	MOVLW      253
0x016C	0x0088      	MOVWF      PORTD
;MyProject.c,277 :: 		switch (PORTD)
0x016D	0x297A      	GOTO       L_teclado81
;MyProject.c,279 :: 		case 0xED: temp = '4'; break;
L_teclado83:
0x016E	0x3034      	MOVLW      52
0x016F	0x00B2      	MOVWF      _temp
0x0170	0x298A      	GOTO       L_teclado82
;MyProject.c,280 :: 		case 0xDD: temp = '5'; break;
L_teclado84:
0x0171	0x3035      	MOVLW      53
0x0172	0x00B2      	MOVWF      _temp
0x0173	0x298A      	GOTO       L_teclado82
;MyProject.c,281 :: 		case 0xBD: temp = '6'; break;
L_teclado85:
0x0174	0x3036      	MOVLW      54
0x0175	0x00B2      	MOVWF      _temp
0x0176	0x298A      	GOTO       L_teclado82
;MyProject.c,282 :: 		case 0x7D: temp = 'B'; break;
L_teclado86:
0x0177	0x3042      	MOVLW      66
0x0178	0x00B2      	MOVWF      _temp
0x0179	0x298A      	GOTO       L_teclado82
;MyProject.c,283 :: 		}
L_teclado81:
0x017A	0x0808      	MOVF       PORTD, 0
0x017B	0x3AED      	XORLW      237
0x017C	0x1903      	BTFSC      STATUS, 2
0x017D	0x296E      	GOTO       L_teclado83
0x017E	0x0808      	MOVF       PORTD, 0
0x017F	0x3ADD      	XORLW      221
0x0180	0x1903      	BTFSC      STATUS, 2
0x0181	0x2971      	GOTO       L_teclado84
0x0182	0x0808      	MOVF       PORTD, 0
0x0183	0x3ABD      	XORLW      189
0x0184	0x1903      	BTFSC      STATUS, 2
0x0185	0x2974      	GOTO       L_teclado85
0x0186	0x0808      	MOVF       PORTD, 0
0x0187	0x3A7D      	XORLW      125
0x0188	0x1903      	BTFSC      STATUS, 2
0x0189	0x2977      	GOTO       L_teclado86
L_teclado82:
;MyProject.c,284 :: 		PORTD = 0xFB;
0x018A	0x30FB      	MOVLW      251
0x018B	0x0088      	MOVWF      PORTD
;MyProject.c,285 :: 		switch (PORTD)
0x018C	0x2999      	GOTO       L_teclado87
;MyProject.c,287 :: 		case 0xEB: temp = '7'; break;
L_teclado89:
0x018D	0x3037      	MOVLW      55
0x018E	0x00B2      	MOVWF      _temp
0x018F	0x29A9      	GOTO       L_teclado88
;MyProject.c,288 :: 		case 0xDB: temp = '8'; break;
L_teclado90:
0x0190	0x3038      	MOVLW      56
0x0191	0x00B2      	MOVWF      _temp
0x0192	0x29A9      	GOTO       L_teclado88
;MyProject.c,289 :: 		case 0xBB: temp = '9'; break;
L_teclado91:
0x0193	0x3039      	MOVLW      57
0x0194	0x00B2      	MOVWF      _temp
0x0195	0x29A9      	GOTO       L_teclado88
;MyProject.c,290 :: 		case 0x7B: temp = 'C'; break;
L_teclado92:
0x0196	0x3043      	MOVLW      67
0x0197	0x00B2      	MOVWF      _temp
0x0198	0x29A9      	GOTO       L_teclado88
;MyProject.c,291 :: 		}
L_teclado87:
0x0199	0x0808      	MOVF       PORTD, 0
0x019A	0x3AEB      	XORLW      235
0x019B	0x1903      	BTFSC      STATUS, 2
0x019C	0x298D      	GOTO       L_teclado89
0x019D	0x0808      	MOVF       PORTD, 0
0x019E	0x3ADB      	XORLW      219
0x019F	0x1903      	BTFSC      STATUS, 2
0x01A0	0x2990      	GOTO       L_teclado90
0x01A1	0x0808      	MOVF       PORTD, 0
0x01A2	0x3ABB      	XORLW      187
0x01A3	0x1903      	BTFSC      STATUS, 2
0x01A4	0x2993      	GOTO       L_teclado91
0x01A5	0x0808      	MOVF       PORTD, 0
0x01A6	0x3A7B      	XORLW      123
0x01A7	0x1903      	BTFSC      STATUS, 2
0x01A8	0x2996      	GOTO       L_teclado92
L_teclado88:
;MyProject.c,292 :: 		PORTD = 0xF7;
0x01A9	0x30F7      	MOVLW      247
0x01AA	0x0088      	MOVWF      PORTD
;MyProject.c,293 :: 		switch (PORTD)
0x01AB	0x29B8      	GOTO       L_teclado93
;MyProject.c,295 :: 		case 0xE7: temp = '*'; break;
L_teclado95:
0x01AC	0x302A      	MOVLW      42
0x01AD	0x00B2      	MOVWF      _temp
0x01AE	0x29C8      	GOTO       L_teclado94
;MyProject.c,296 :: 		case 0xD7: temp = '0'; break;
L_teclado96:
0x01AF	0x3030      	MOVLW      48
0x01B0	0x00B2      	MOVWF      _temp
0x01B1	0x29C8      	GOTO       L_teclado94
;MyProject.c,297 :: 		case 0xB7: temp = '#'; break;
L_teclado97:
0x01B2	0x3023      	MOVLW      35
0x01B3	0x00B2      	MOVWF      _temp
0x01B4	0x29C8      	GOTO       L_teclado94
;MyProject.c,298 :: 		case 0x77: temp = 'D'; break;
L_teclado98:
0x01B5	0x3044      	MOVLW      68
0x01B6	0x00B2      	MOVWF      _temp
0x01B7	0x29C8      	GOTO       L_teclado94
;MyProject.c,299 :: 		}
L_teclado93:
0x01B8	0x0808      	MOVF       PORTD, 0
0x01B9	0x3AE7      	XORLW      231
0x01BA	0x1903      	BTFSC      STATUS, 2
0x01BB	0x29AC      	GOTO       L_teclado95
0x01BC	0x0808      	MOVF       PORTD, 0
0x01BD	0x3AD7      	XORLW      215
0x01BE	0x1903      	BTFSC      STATUS, 2
0x01BF	0x29AF      	GOTO       L_teclado96
0x01C0	0x0808      	MOVF       PORTD, 0
0x01C1	0x3AB7      	XORLW      183
0x01C2	0x1903      	BTFSC      STATUS, 2
0x01C3	0x29B2      	GOTO       L_teclado97
0x01C4	0x0808      	MOVF       PORTD, 0
0x01C5	0x3A77      	XORLW      119
0x01C6	0x1903      	BTFSC      STATUS, 2
0x01C7	0x29B5      	GOTO       L_teclado98
L_teclado94:
;MyProject.c,300 :: 		}
L_teclado74:
;MyProject.c,301 :: 		PORTD = 0xF0;
0x01C8	0x30F0      	MOVLW      240
0x01C9	0x0088      	MOVWF      PORTD
;MyProject.c,302 :: 		while (PORTD != 0xF0);
L_teclado99:
0x01CA	0x0808      	MOVF       PORTD, 0
0x01CB	0x3AF0      	XORLW      240
0x01CC	0x1903      	BTFSC      STATUS, 2
0x01CD	0x29CF      	GOTO       L_teclado100
0x01CE	0x29CA      	GOTO       L_teclado99
L_teclado100:
;MyProject.c,303 :: 		delay_ms(51);
0x01CF	0x3085      	MOVLW      133
0x01D0	0x00FC      	MOVWF      R12
0x01D1	0x3076      	MOVLW      118
0x01D2	0x00FD      	MOVWF      R13
L_teclado101:
0x01D3	0x0BFD      	DECFSZ     R13, 1
0x01D4	0x29D3      	GOTO       L_teclado101
0x01D5	0x0BFC      	DECFSZ     R12, 1
0x01D6	0x29D3      	GOTO       L_teclado101
0x01D7	0x0000      	NOP
;MyProject.c,304 :: 		}
L_end_teclado:
0x01D8	0x0008      	RETURN
; end of _teclado
_Cantidad3:
;MyProject.c,151 :: 		void Cantidad3()
;MyProject.c,153 :: 		temp = 0;
0x01D9	0x1283      	BCF        STATUS, 5
0x01DA	0x1303      	BCF        STATUS, 6
0x01DB	0x01B2      	CLRF       _temp
;MyProject.c,154 :: 		numeros3 = 0;
0x01DC	0x01AC      	CLRF       _numeros3
0x01DD	0x01AD      	CLRF       _numeros3+1
;MyProject.c,155 :: 		while (1)
L_Cantidad336:
;MyProject.c,158 :: 		teclado();
0x01DE	0x2143      	CALL       _teclado
;MyProject.c,160 :: 		if ((temp >= '0')&&(temp <= '9'))
0x01DF	0x3030      	MOVLW      48
0x01E0	0x0232      	SUBWF      _temp, 0
0x01E1	0x1C03      	BTFSS      STATUS, 0
0x01E2	0x29F0      	GOTO       L_Cantidad340
0x01E3	0x0832      	MOVF       _temp, 0
0x01E4	0x3C39      	SUBLW      57
0x01E5	0x1C03      	BTFSS      STATUS, 0
0x01E6	0x29F0      	GOTO       L_Cantidad340
L__Cantidad3118:
;MyProject.c,162 :: 		Lcd_Chr_Cp(temp);
0x01E7	0x0832      	MOVF       _temp, 0
0x01E8	0x00BF      	MOVWF      FARG_Lcd_Chr_CP_out_char
0x01E9	0x20E1      	CALL       _Lcd_Chr_CP
;MyProject.c,163 :: 		numeros3 = + temp - 48;
0x01EA	0x3030      	MOVLW      48
0x01EB	0x0232      	SUBWF      _temp, 0
0x01EC	0x00AC      	MOVWF      _numeros3
0x01ED	0x01AD      	CLRF       _numeros3+1
0x01EE	0x1C03      	BTFSS      STATUS, 0
0x01EF	0x03AD      	DECF       _numeros3+1, 1
;MyProject.c,164 :: 		}
L_Cantidad340:
;MyProject.c,165 :: 		if(temp == '#'){
0x01F0	0x0832      	MOVF       _temp, 0
0x01F1	0x3A23      	XORLW      35
0x01F2	0x1D03      	BTFSS      STATUS, 2
0x01F3	0x29F7      	GOTO       L_Cantidad341
;MyProject.c,166 :: 		x=4;
0x01F4	0x3004      	MOVLW      4
0x01F5	0x00A9      	MOVWF      _x
;MyProject.c,167 :: 		break;
0x01F6	0x29F8      	GOTO       L_Cantidad337
;MyProject.c,168 :: 		}
L_Cantidad341:
;MyProject.c,169 :: 		}
0x01F7	0x29DE      	GOTO       L_Cantidad336
L_Cantidad337:
;MyProject.c,170 :: 		}
L_end_Cantidad3:
0x01F8	0x0008      	RETURN
; end of _Cantidad3
_Giros:
;MyProject.c,193 :: 		void Giros()
;MyProject.c,195 :: 		if(x == 5)
0x01F9	0x1283      	BCF        STATUS, 5
0x01FA	0x1303      	BCF        STATUS, 6
0x01FB	0x0829      	MOVF       _x, 0
0x01FC	0x3A05      	XORLW      5
0x01FD	0x1D03      	BTFSS      STATUS, 2
0x01FE	0x2A9A      	GOTO       L_Giros48
;MyProject.c,198 :: 		switch(numeros)
0x01FF	0x2A06      	GOTO       L_Giros49
;MyProject.c,200 :: 		case 1:
L_Giros51:
;MyProject.c,201 :: 		Giro1();
0x0200	0x2116      	CALL       _Giro1
;MyProject.c,202 :: 		break;
0x0201	0x2A1E      	GOTO       L_Giros50
;MyProject.c,203 :: 		case 2:
L_Giros52:
;MyProject.c,204 :: 		Giro2();
0x0202	0x20E9      	CALL       _Giro2
;MyProject.c,205 :: 		break;
0x0203	0x2A1E      	GOTO       L_Giros50
;MyProject.c,206 :: 		case 3:
L_Giros53:
;MyProject.c,207 :: 		Giro3();
0x0204	0x20B4      	CALL       _Giro3
;MyProject.c,208 :: 		break;
0x0205	0x2A1E      	GOTO       L_Giros50
;MyProject.c,209 :: 		}
L_Giros49:
0x0206	0x3000      	MOVLW      0
0x0207	0x0628      	XORWF      _numeros+1, 0
0x0208	0x1D03      	BTFSS      STATUS, 2
0x0209	0x2A0C      	GOTO       L__Giros133
0x020A	0x3001      	MOVLW      1
0x020B	0x0627      	XORWF      _numeros, 0
L__Giros133:
0x020C	0x1903      	BTFSC      STATUS, 2
0x020D	0x2A00      	GOTO       L_Giros51
0x020E	0x3000      	MOVLW      0
0x020F	0x0628      	XORWF      _numeros+1, 0
0x0210	0x1D03      	BTFSS      STATUS, 2
0x0211	0x2A14      	GOTO       L__Giros134
0x0212	0x3002      	MOVLW      2
0x0213	0x0627      	XORWF      _numeros, 0
L__Giros134:
0x0214	0x1903      	BTFSC      STATUS, 2
0x0215	0x2A02      	GOTO       L_Giros52
0x0216	0x3000      	MOVLW      0
0x0217	0x0628      	XORWF      _numeros+1, 0
0x0218	0x1D03      	BTFSS      STATUS, 2
0x0219	0x2A1C      	GOTO       L__Giros135
0x021A	0x3003      	MOVLW      3
0x021B	0x0627      	XORWF      _numeros, 0
L__Giros135:
0x021C	0x1903      	BTFSC      STATUS, 2
0x021D	0x2A04      	GOTO       L_Giros53
L_Giros50:
;MyProject.c,210 :: 		switch(numeros1)
0x021E	0x2A25      	GOTO       L_Giros54
;MyProject.c,212 :: 		case 1:
L_Giros56:
;MyProject.c,213 :: 		Giro1();
0x021F	0x2116      	CALL       _Giro1
;MyProject.c,214 :: 		break;
0x0220	0x2A3D      	GOTO       L_Giros55
;MyProject.c,215 :: 		case 2:
L_Giros57:
;MyProject.c,216 :: 		Giro2();
0x0221	0x20E9      	CALL       _Giro2
;MyProject.c,217 :: 		break;
0x0222	0x2A3D      	GOTO       L_Giros55
;MyProject.c,218 :: 		case 3:
L_Giros58:
;MyProject.c,219 :: 		Giro3();
0x0223	0x20B4      	CALL       _Giro3
;MyProject.c,220 :: 		break;
0x0224	0x2A3D      	GOTO       L_Giros55
;MyProject.c,221 :: 		}
L_Giros54:
0x0225	0x3000      	MOVLW      0
0x0226	0x0626      	XORWF      _numeros1+1, 0
0x0227	0x1D03      	BTFSS      STATUS, 2
0x0228	0x2A2B      	GOTO       L__Giros136
0x0229	0x3001      	MOVLW      1
0x022A	0x0625      	XORWF      _numeros1, 0
L__Giros136:
0x022B	0x1903      	BTFSC      STATUS, 2
0x022C	0x2A1F      	GOTO       L_Giros56
0x022D	0x3000      	MOVLW      0
0x022E	0x0626      	XORWF      _numeros1+1, 0
0x022F	0x1D03      	BTFSS      STATUS, 2
0x0230	0x2A33      	GOTO       L__Giros137
0x0231	0x3002      	MOVLW      2
0x0232	0x0625      	XORWF      _numeros1, 0
L__Giros137:
0x0233	0x1903      	BTFSC      STATUS, 2
0x0234	0x2A21      	GOTO       L_Giros57
0x0235	0x3000      	MOVLW      0
0x0236	0x0626      	XORWF      _numeros1+1, 0
0x0237	0x1D03      	BTFSS      STATUS, 2
0x0238	0x2A3B      	GOTO       L__Giros138
0x0239	0x3003      	MOVLW      3
0x023A	0x0625      	XORWF      _numeros1, 0
L__Giros138:
0x023B	0x1903      	BTFSC      STATUS, 2
0x023C	0x2A23      	GOTO       L_Giros58
L_Giros55:
;MyProject.c,222 :: 		switch(numeros2)
0x023D	0x2A44      	GOTO       L_Giros59
;MyProject.c,224 :: 		case 1:
L_Giros61:
;MyProject.c,225 :: 		Giro1();
0x023E	0x2116      	CALL       _Giro1
;MyProject.c,226 :: 		break;
0x023F	0x2A5C      	GOTO       L_Giros60
;MyProject.c,227 :: 		case 2:
L_Giros62:
;MyProject.c,228 :: 		Giro2();
0x0240	0x20E9      	CALL       _Giro2
;MyProject.c,229 :: 		break;
0x0241	0x2A5C      	GOTO       L_Giros60
;MyProject.c,230 :: 		case 3:
L_Giros63:
;MyProject.c,231 :: 		Giro3();
0x0242	0x20B4      	CALL       _Giro3
;MyProject.c,232 :: 		break;
0x0243	0x2A5C      	GOTO       L_Giros60
;MyProject.c,233 :: 		}
L_Giros59:
0x0244	0x3000      	MOVLW      0
0x0245	0x062F      	XORWF      _numeros2+1, 0
0x0246	0x1D03      	BTFSS      STATUS, 2
0x0247	0x2A4A      	GOTO       L__Giros139
0x0248	0x3001      	MOVLW      1
0x0249	0x062E      	XORWF      _numeros2, 0
L__Giros139:
0x024A	0x1903      	BTFSC      STATUS, 2
0x024B	0x2A3E      	GOTO       L_Giros61
0x024C	0x3000      	MOVLW      0
0x024D	0x062F      	XORWF      _numeros2+1, 0
0x024E	0x1D03      	BTFSS      STATUS, 2
0x024F	0x2A52      	GOTO       L__Giros140
0x0250	0x3002      	MOVLW      2
0x0251	0x062E      	XORWF      _numeros2, 0
L__Giros140:
0x0252	0x1903      	BTFSC      STATUS, 2
0x0253	0x2A40      	GOTO       L_Giros62
0x0254	0x3000      	MOVLW      0
0x0255	0x062F      	XORWF      _numeros2+1, 0
0x0256	0x1D03      	BTFSS      STATUS, 2
0x0257	0x2A5A      	GOTO       L__Giros141
0x0258	0x3003      	MOVLW      3
0x0259	0x062E      	XORWF      _numeros2, 0
L__Giros141:
0x025A	0x1903      	BTFSC      STATUS, 2
0x025B	0x2A42      	GOTO       L_Giros63
L_Giros60:
;MyProject.c,234 :: 		switch(numeros3)
0x025C	0x2A63      	GOTO       L_Giros64
;MyProject.c,236 :: 		case 1:
L_Giros66:
;MyProject.c,237 :: 		Giro1();
0x025D	0x2116      	CALL       _Giro1
;MyProject.c,238 :: 		break;
0x025E	0x2A7B      	GOTO       L_Giros65
;MyProject.c,239 :: 		case 2:
L_Giros67:
;MyProject.c,240 :: 		Giro2();
0x025F	0x20E9      	CALL       _Giro2
;MyProject.c,241 :: 		break;
0x0260	0x2A7B      	GOTO       L_Giros65
;MyProject.c,242 :: 		case 3:
L_Giros68:
;MyProject.c,243 :: 		Giro3();
0x0261	0x20B4      	CALL       _Giro3
;MyProject.c,244 :: 		break;
0x0262	0x2A7B      	GOTO       L_Giros65
;MyProject.c,245 :: 		}
L_Giros64:
0x0263	0x3000      	MOVLW      0
0x0264	0x062D      	XORWF      _numeros3+1, 0
0x0265	0x1D03      	BTFSS      STATUS, 2
0x0266	0x2A69      	GOTO       L__Giros142
0x0267	0x3001      	MOVLW      1
0x0268	0x062C      	XORWF      _numeros3, 0
L__Giros142:
0x0269	0x1903      	BTFSC      STATUS, 2
0x026A	0x2A5D      	GOTO       L_Giros66
0x026B	0x3000      	MOVLW      0
0x026C	0x062D      	XORWF      _numeros3+1, 0
0x026D	0x1D03      	BTFSS      STATUS, 2
0x026E	0x2A71      	GOTO       L__Giros143
0x026F	0x3002      	MOVLW      2
0x0270	0x062C      	XORWF      _numeros3, 0
L__Giros143:
0x0271	0x1903      	BTFSC      STATUS, 2
0x0272	0x2A5F      	GOTO       L_Giros67
0x0273	0x3000      	MOVLW      0
0x0274	0x062D      	XORWF      _numeros3+1, 0
0x0275	0x1D03      	BTFSS      STATUS, 2
0x0276	0x2A79      	GOTO       L__Giros144
0x0277	0x3003      	MOVLW      3
0x0278	0x062C      	XORWF      _numeros3, 0
L__Giros144:
0x0279	0x1903      	BTFSC      STATUS, 2
0x027A	0x2A61      	GOTO       L_Giros68
L_Giros65:
;MyProject.c,246 :: 		switch(numeros4)
0x027B	0x2A82      	GOTO       L_Giros69
;MyProject.c,248 :: 		case 1:
L_Giros71:
;MyProject.c,249 :: 		Giro1();
0x027C	0x2116      	CALL       _Giro1
;MyProject.c,250 :: 		break;
0x027D	0x2A9A      	GOTO       L_Giros70
;MyProject.c,251 :: 		case 2:
L_Giros72:
;MyProject.c,252 :: 		Giro2();
0x027E	0x20E9      	CALL       _Giro2
;MyProject.c,253 :: 		break;
0x027F	0x2A9A      	GOTO       L_Giros70
;MyProject.c,254 :: 		case 3:
L_Giros73:
;MyProject.c,255 :: 		Giro3();
0x0280	0x20B4      	CALL       _Giro3
;MyProject.c,256 :: 		break;
0x0281	0x2A9A      	GOTO       L_Giros70
;MyProject.c,257 :: 		}
L_Giros69:
0x0282	0x3000      	MOVLW      0
0x0283	0x0631      	XORWF      _numeros4+1, 0
0x0284	0x1D03      	BTFSS      STATUS, 2
0x0285	0x2A88      	GOTO       L__Giros145
0x0286	0x3001      	MOVLW      1
0x0287	0x0630      	XORWF      _numeros4, 0
L__Giros145:
0x0288	0x1903      	BTFSC      STATUS, 2
0x0289	0x2A7C      	GOTO       L_Giros71
0x028A	0x3000      	MOVLW      0
0x028B	0x0631      	XORWF      _numeros4+1, 0
0x028C	0x1D03      	BTFSS      STATUS, 2
0x028D	0x2A90      	GOTO       L__Giros146
0x028E	0x3002      	MOVLW      2
0x028F	0x0630      	XORWF      _numeros4, 0
L__Giros146:
0x0290	0x1903      	BTFSC      STATUS, 2
0x0291	0x2A7E      	GOTO       L_Giros72
0x0292	0x3000      	MOVLW      0
0x0293	0x0631      	XORWF      _numeros4+1, 0
0x0294	0x1D03      	BTFSS      STATUS, 2
0x0295	0x2A98      	GOTO       L__Giros147
0x0296	0x3003      	MOVLW      3
0x0297	0x0630      	XORWF      _numeros4, 0
L__Giros147:
0x0298	0x1903      	BTFSC      STATUS, 2
0x0299	0x2A80      	GOTO       L_Giros73
L_Giros70:
;MyProject.c,259 :: 		}
L_Giros48:
;MyProject.c,260 :: 		}
L_end_Giros:
0x029A	0x0008      	RETURN
; end of _Giros
_Cantidad2:
;MyProject.c,130 :: 		void Cantidad2()
;MyProject.c,132 :: 		temp = 0;
0x029B	0x1283      	BCF        STATUS, 5
0x029C	0x1303      	BCF        STATUS, 6
0x029D	0x01B2      	CLRF       _temp
;MyProject.c,133 :: 		numeros2 = 0;
0x029E	0x01AE      	CLRF       _numeros2
0x029F	0x01AF      	CLRF       _numeros2+1
;MyProject.c,134 :: 		while (1)
L_Cantidad230:
;MyProject.c,137 :: 		teclado();
0x02A0	0x2143      	CALL       _teclado
;MyProject.c,139 :: 		if ((temp >= '0')&&(temp <= '9'))
0x02A1	0x3030      	MOVLW      48
0x02A2	0x0232      	SUBWF      _temp, 0
0x02A3	0x1C03      	BTFSS      STATUS, 0
0x02A4	0x2AB2      	GOTO       L_Cantidad234
0x02A5	0x0832      	MOVF       _temp, 0
0x02A6	0x3C39      	SUBLW      57
0x02A7	0x1C03      	BTFSS      STATUS, 0
0x02A8	0x2AB2      	GOTO       L_Cantidad234
L__Cantidad2117:
;MyProject.c,141 :: 		Lcd_Chr_Cp(temp);
0x02A9	0x0832      	MOVF       _temp, 0
0x02AA	0x00BF      	MOVWF      FARG_Lcd_Chr_CP_out_char
0x02AB	0x20E1      	CALL       _Lcd_Chr_CP
;MyProject.c,142 :: 		numeros2 = +temp - 48;
0x02AC	0x3030      	MOVLW      48
0x02AD	0x0232      	SUBWF      _temp, 0
0x02AE	0x00AE      	MOVWF      _numeros2
0x02AF	0x01AF      	CLRF       _numeros2+1
0x02B0	0x1C03      	BTFSS      STATUS, 0
0x02B1	0x03AF      	DECF       _numeros2+1, 1
;MyProject.c,143 :: 		}
L_Cantidad234:
;MyProject.c,144 :: 		if(temp == '#'){
0x02B2	0x0832      	MOVF       _temp, 0
0x02B3	0x3A23      	XORLW      35
0x02B4	0x1D03      	BTFSS      STATUS, 2
0x02B5	0x2AB9      	GOTO       L_Cantidad235
;MyProject.c,145 :: 		x=3;
0x02B6	0x3003      	MOVLW      3
0x02B7	0x00A9      	MOVWF      _x
;MyProject.c,146 :: 		break;
0x02B8	0x2ABA      	GOTO       L_Cantidad231
;MyProject.c,147 :: 		}
L_Cantidad235:
;MyProject.c,148 :: 		}
0x02B9	0x2AA0      	GOTO       L_Cantidad230
L_Cantidad231:
;MyProject.c,149 :: 		}
L_end_Cantidad2:
0x02BA	0x0008      	RETURN
; end of _Cantidad2
_Cantidad1:
;MyProject.c,109 :: 		void Cantidad1()
;MyProject.c,111 :: 		temp = 0;
0x02BB	0x1283      	BCF        STATUS, 5
0x02BC	0x1303      	BCF        STATUS, 6
0x02BD	0x01B2      	CLRF       _temp
;MyProject.c,112 :: 		numeros1 = 0;
0x02BE	0x01A5      	CLRF       _numeros1
0x02BF	0x01A6      	CLRF       _numeros1+1
;MyProject.c,113 :: 		while (1)
L_Cantidad124:
;MyProject.c,116 :: 		teclado();
0x02C0	0x2143      	CALL       _teclado
;MyProject.c,118 :: 		if ((temp >= '0')&&(temp <= '9'))
0x02C1	0x3030      	MOVLW      48
0x02C2	0x0232      	SUBWF      _temp, 0
0x02C3	0x1C03      	BTFSS      STATUS, 0
0x02C4	0x2AD2      	GOTO       L_Cantidad128
0x02C5	0x0832      	MOVF       _temp, 0
0x02C6	0x3C39      	SUBLW      57
0x02C7	0x1C03      	BTFSS      STATUS, 0
0x02C8	0x2AD2      	GOTO       L_Cantidad128
L__Cantidad1116:
;MyProject.c,120 :: 		Lcd_Chr_Cp(temp);
0x02C9	0x0832      	MOVF       _temp, 0
0x02CA	0x00BF      	MOVWF      FARG_Lcd_Chr_CP_out_char
0x02CB	0x20E1      	CALL       _Lcd_Chr_CP
;MyProject.c,121 :: 		numeros1 = +temp - 48;
0x02CC	0x3030      	MOVLW      48
0x02CD	0x0232      	SUBWF      _temp, 0
0x02CE	0x00A5      	MOVWF      _numeros1
0x02CF	0x01A6      	CLRF       _numeros1+1
0x02D0	0x1C03      	BTFSS      STATUS, 0
0x02D1	0x03A6      	DECF       _numeros1+1, 1
;MyProject.c,122 :: 		}
L_Cantidad128:
;MyProject.c,123 :: 		if(temp == '#'){
0x02D2	0x0832      	MOVF       _temp, 0
0x02D3	0x3A23      	XORLW      35
0x02D4	0x1D03      	BTFSS      STATUS, 2
0x02D5	0x2AD9      	GOTO       L_Cantidad129
;MyProject.c,124 :: 		x=2;
0x02D6	0x3002      	MOVLW      2
0x02D7	0x00A9      	MOVWF      _x
;MyProject.c,125 :: 		break;
0x02D8	0x2ADA      	GOTO       L_Cantidad125
;MyProject.c,126 :: 		}
L_Cantidad129:
;MyProject.c,127 :: 		}
0x02D9	0x2AC0      	GOTO       L_Cantidad124
L_Cantidad125:
;MyProject.c,128 :: 		}
L_end_Cantidad1:
0x02DA	0x0008      	RETURN
; end of _Cantidad1
_Cantidad4:
;MyProject.c,172 :: 		void Cantidad4()
;MyProject.c,174 :: 		temp = 0;
0x02DB	0x1283      	BCF        STATUS, 5
0x02DC	0x1303      	BCF        STATUS, 6
0x02DD	0x01B2      	CLRF       _temp
;MyProject.c,175 :: 		numeros4 = 0;
0x02DE	0x01B0      	CLRF       _numeros4
0x02DF	0x01B1      	CLRF       _numeros4+1
;MyProject.c,176 :: 		while (1)
L_Cantidad442:
;MyProject.c,179 :: 		teclado();
0x02E0	0x2143      	CALL       _teclado
;MyProject.c,181 :: 		if ((temp >= '0')&&(temp <= '9'))
0x02E1	0x3030      	MOVLW      48
0x02E2	0x0232      	SUBWF      _temp, 0
0x02E3	0x1C03      	BTFSS      STATUS, 0
0x02E4	0x2AF2      	GOTO       L_Cantidad446
0x02E5	0x0832      	MOVF       _temp, 0
0x02E6	0x3C39      	SUBLW      57
0x02E7	0x1C03      	BTFSS      STATUS, 0
0x02E8	0x2AF2      	GOTO       L_Cantidad446
L__Cantidad4119:
;MyProject.c,183 :: 		Lcd_Chr_Cp(temp);
0x02E9	0x0832      	MOVF       _temp, 0
0x02EA	0x00BF      	MOVWF      FARG_Lcd_Chr_CP_out_char
0x02EB	0x20E1      	CALL       _Lcd_Chr_CP
;MyProject.c,184 :: 		numeros4 = + temp - 48;
0x02EC	0x3030      	MOVLW      48
0x02ED	0x0232      	SUBWF      _temp, 0
0x02EE	0x00B0      	MOVWF      _numeros4
0x02EF	0x01B1      	CLRF       _numeros4+1
0x02F0	0x1C03      	BTFSS      STATUS, 0
0x02F1	0x03B1      	DECF       _numeros4+1, 1
;MyProject.c,185 :: 		}
L_Cantidad446:
;MyProject.c,186 :: 		if(temp == '#'){
0x02F2	0x0832      	MOVF       _temp, 0
0x02F3	0x3A23      	XORLW      35
0x02F4	0x1D03      	BTFSS      STATUS, 2
0x02F5	0x2AF9      	GOTO       L_Cantidad447
;MyProject.c,187 :: 		x=5;
0x02F6	0x3005      	MOVLW      5
0x02F7	0x00A9      	MOVWF      _x
;MyProject.c,188 :: 		break;
0x02F8	0x2AFA      	GOTO       L_Cantidad443
;MyProject.c,189 :: 		}
L_Cantidad447:
;MyProject.c,190 :: 		}
0x02F9	0x2AE0      	GOTO       L_Cantidad442
L_Cantidad443:
;MyProject.c,191 :: 		}
L_end_Cantidad4:
0x02FA	0x0008      	RETURN
; end of _Cantidad4
___CC2DW:
;__Lib_System.c,134 :: 		
;__Lib_System.c,137 :: 		
_CC2D_Loop1:
;__Lib_System.c,139 :: 		
0x02FB	0x205A      	CALL       _____DoICP
0x02FC	0x118A      	BCF        PCLATH, 3
0x02FD	0x120A      	BCF        PCLATH, 4
;__Lib_System.c,141 :: 		
0x02FE	0x0080      	MOVWF      INDF
;__Lib_System.c,142 :: 		
0x02FF	0x0A84      	INCF       FSR, 1
;__Lib_System.c,143 :: 		
0x0300	0x0AB3      	INCF       ___DoICPAddr, 1
;__Lib_System.c,145 :: 		
0x0301	0x1903      	BTFSC      STATUS, 2
;__Lib_System.c,146 :: 		
0x0302	0x0AB4      	INCF       ___DoICPAddr+1, 1
;__Lib_System.c,147 :: 		
0x0303	0x03F0      	DECF       R0, 1
;__Lib_System.c,149 :: 		
0x0304	0x1D03      	BTFSS      STATUS, 2
;__Lib_System.c,150 :: 		
0x0305	0x2AFB      	GOTO       _CC2D_Loop1
;__Lib_System.c,152 :: 		
L_end___CC2DW:
0x0306	0x0008      	RETURN
; end of ___CC2DW
_Cantidad:
;MyProject.c,88 :: 		void Cantidad()
;MyProject.c,90 :: 		temp = 0;
0x0307	0x1283      	BCF        STATUS, 5
0x0308	0x1303      	BCF        STATUS, 6
0x0309	0x01B2      	CLRF       _temp
;MyProject.c,91 :: 		numeros = 0;
0x030A	0x01A7      	CLRF       _numeros
0x030B	0x01A8      	CLRF       _numeros+1
;MyProject.c,92 :: 		while (1)
L_Cantidad18:
;MyProject.c,95 :: 		teclado();
0x030C	0x2143      	CALL       _teclado
;MyProject.c,97 :: 		if ((temp >= '0')&&(temp <= '9'))
0x030D	0x3030      	MOVLW      48
0x030E	0x0232      	SUBWF      _temp, 0
0x030F	0x1C03      	BTFSS      STATUS, 0
0x0310	0x2B1E      	GOTO       L_Cantidad22
0x0311	0x0832      	MOVF       _temp, 0
0x0312	0x3C39      	SUBLW      57
0x0313	0x1C03      	BTFSS      STATUS, 0
0x0314	0x2B1E      	GOTO       L_Cantidad22
L__Cantidad115:
;MyProject.c,99 :: 		Lcd_Chr_Cp(temp);
0x0315	0x0832      	MOVF       _temp, 0
0x0316	0x00BF      	MOVWF      FARG_Lcd_Chr_CP_out_char
0x0317	0x20E1      	CALL       _Lcd_Chr_CP
;MyProject.c,100 :: 		numeros = +temp - 48;
0x0318	0x3030      	MOVLW      48
0x0319	0x0232      	SUBWF      _temp, 0
0x031A	0x00A7      	MOVWF      _numeros
0x031B	0x01A8      	CLRF       _numeros+1
0x031C	0x1C03      	BTFSS      STATUS, 0
0x031D	0x03A8      	DECF       _numeros+1, 1
;MyProject.c,101 :: 		}
L_Cantidad22:
;MyProject.c,102 :: 		if(temp == '#'){
0x031E	0x0832      	MOVF       _temp, 0
0x031F	0x3A23      	XORLW      35
0x0320	0x1D03      	BTFSS      STATUS, 2
0x0321	0x2B25      	GOTO       L_Cantidad23
;MyProject.c,103 :: 		x=1;
0x0322	0x3001      	MOVLW      1
0x0323	0x00A9      	MOVWF      _x
;MyProject.c,104 :: 		break;
0x0324	0x2B26      	GOTO       L_Cantidad19
;MyProject.c,105 :: 		}
L_Cantidad23:
;MyProject.c,106 :: 		}
0x0325	0x2B0C      	GOTO       L_Cantidad18
L_Cantidad19:
;MyProject.c,107 :: 		}
L_end_Cantidad:
0x0326	0x0008      	RETURN
; end of _Cantidad
_Lcd_Out:
;__Lib_Lcd.c,184 :: 		
;__Lib_Lcd.c,187 :: 		
0x0327	0x2B39      	GOTO       L_Lcd_Out11
;__Lib_Lcd.c,188 :: 		
L_Lcd_Out13:
0x0328	0x3080      	MOVLW      128
0x0329	0x1283      	BCF        STATUS, 5
0x032A	0x1303      	BCF        STATUS, 6
0x032B	0x00BB      	MOVWF      FARG_Lcd_Out_row
0x032C	0x2B4C      	GOTO       L_Lcd_Out12
;__Lib_Lcd.c,189 :: 		
L_Lcd_Out14:
0x032D	0x30C0      	MOVLW      192
0x032E	0x00BB      	MOVWF      FARG_Lcd_Out_row
0x032F	0x2B4C      	GOTO       L_Lcd_Out12
;__Lib_Lcd.c,190 :: 		
L_Lcd_Out15:
0x0330	0x3094      	MOVLW      148
0x0331	0x00BB      	MOVWF      FARG_Lcd_Out_row
0x0332	0x2B4C      	GOTO       L_Lcd_Out12
;__Lib_Lcd.c,191 :: 		
L_Lcd_Out16:
0x0333	0x30D4      	MOVLW      212
0x0334	0x00BB      	MOVWF      FARG_Lcd_Out_row
0x0335	0x2B4C      	GOTO       L_Lcd_Out12
;__Lib_Lcd.c,192 :: 		
L_Lcd_Out17:
0x0336	0x3080      	MOVLW      128
0x0337	0x00BB      	MOVWF      FARG_Lcd_Out_row
;__Lib_Lcd.c,193 :: 		
0x0338	0x2B4C      	GOTO       L_Lcd_Out12
L_Lcd_Out11:
0x0339	0x1283      	BCF        STATUS, 5
0x033A	0x1303      	BCF        STATUS, 6
0x033B	0x083B      	MOVF       FARG_Lcd_Out_row, 0
0x033C	0x3A01      	XORLW      1
0x033D	0x1903      	BTFSC      STATUS, 2
0x033E	0x2B28      	GOTO       L_Lcd_Out13
0x033F	0x083B      	MOVF       FARG_Lcd_Out_row, 0
0x0340	0x3A02      	XORLW      2
0x0341	0x1903      	BTFSC      STATUS, 2
0x0342	0x2B2D      	GOTO       L_Lcd_Out14
0x0343	0x083B      	MOVF       FARG_Lcd_Out_row, 0
0x0344	0x3A03      	XORLW      3
0x0345	0x1903      	BTFSC      STATUS, 2
0x0346	0x2B30      	GOTO       L_Lcd_Out15
0x0347	0x083B      	MOVF       FARG_Lcd_Out_row, 0
0x0348	0x3A04      	XORLW      4
0x0349	0x1903      	BTFSC      STATUS, 2
0x034A	0x2B33      	GOTO       L_Lcd_Out16
0x034B	0x2B36      	GOTO       L_Lcd_Out17
L_Lcd_Out12:
;__Lib_Lcd.c,194 :: 		
0x034C	0x033C      	DECF       FARG_Lcd_Out_column, 0
0x034D	0x00F0      	MOVWF      R0
0x034E	0x083B      	MOVF       FARG_Lcd_Out_row, 0
0x034F	0x07F0      	ADDWF      R0, 1
0x0350	0x0870      	MOVF       R0, 0
0x0351	0x00BB      	MOVWF      FARG_Lcd_Out_row
;__Lib_Lcd.c,196 :: 		
0x0352	0x0870      	MOVF       R0, 0
0x0353	0x00C6      	MOVWF      FARG_Lcd_Cmd_out_char
0x0354	0x201A      	CALL       _Lcd_Cmd
;__Lib_Lcd.c,197 :: 		
0x0355	0x1035      	BCF        __Lib_Lcd_cmd_status, BitPos(__Lib_Lcd_cmd_status+0)
;__Lib_Lcd.c,198 :: 		
0x0356	0x01BE      	CLRF       Lcd_Out_i_L0
;__Lib_Lcd.c,199 :: 		
L_Lcd_Out18:
0x0357	0x083E      	MOVF       Lcd_Out_i_L0, 0
0x0358	0x073D      	ADDWF      FARG_Lcd_Out_text, 0
0x0359	0x0084      	MOVWF      FSR
0x035A	0x0800      	MOVF       INDF, 0
0x035B	0x1903      	BTFSC      STATUS, 2
0x035C	0x2B65      	GOTO       L_Lcd_Out19
;__Lib_Lcd.c,200 :: 		
0x035D	0x083E      	MOVF       Lcd_Out_i_L0, 0
0x035E	0x073D      	ADDWF      FARG_Lcd_Out_text, 0
0x035F	0x0084      	MOVWF      FSR
0x0360	0x0800      	MOVF       INDF, 0
0x0361	0x00BF      	MOVWF      FARG_Lcd_Chr_CP_out_char
0x0362	0x20E1      	CALL       _Lcd_Chr_CP
0x0363	0x0ABE      	INCF       Lcd_Out_i_L0, 1
0x0364	0x2B57      	GOTO       L_Lcd_Out18
L_Lcd_Out19:
;__Lib_Lcd.c,201 :: 		
0x0365	0x1435      	BSF        __Lib_Lcd_cmd_status, BitPos(__Lib_Lcd_cmd_status+0)
;__Lib_Lcd.c,202 :: 		
L_end_Lcd_Out:
0x0366	0x0008      	RETURN
; end of _Lcd_Out
_Lcd_Init:
;__Lib_Lcd.c,84 :: 		
;__Lib_Lcd.c,86 :: 		
0x0367	0x1683      	BSF        STATUS, 5
0x0368	0x1303      	BCF        STATUS, 6
0x0369	0x1286      	BCF        LCD_EN_Direction, BitPos(LCD_EN_Direction+0)
;__Lib_Lcd.c,87 :: 		
0x036A	0x1206      	BCF        LCD_RS_Direction, BitPos(LCD_RS_Direction+0)
;__Lib_Lcd.c,88 :: 		
0x036B	0x1006      	BCF        LCD_D4_Direction, BitPos(LCD_D4_Direction+0)
;__Lib_Lcd.c,89 :: 		
0x036C	0x1086      	BCF        LCD_D5_Direction, BitPos(LCD_D5_Direction+0)
;__Lib_Lcd.c,90 :: 		
0x036D	0x1106      	BCF        LCD_D6_Direction, BitPos(LCD_D6_Direction+0)
;__Lib_Lcd.c,91 :: 		
0x036E	0x1186      	BCF        LCD_D7_Direction, BitPos(LCD_D7_Direction+0)
;__Lib_Lcd.c,93 :: 		
0x036F	0x1283      	BCF        STATUS, 5
0x0370	0x1286      	BCF        LCD_EN, BitPos(LCD_EN+0)
;__Lib_Lcd.c,94 :: 		
0x0371	0x1206      	BCF        LCD_RS, BitPos(LCD_RS+0)
;__Lib_Lcd.c,95 :: 		
0x0372	0x1186      	BCF        LCD_D7, BitPos(LCD_D7+0)
;__Lib_Lcd.c,96 :: 		
0x0373	0x1106      	BCF        LCD_D6, BitPos(LCD_D6+0)
;__Lib_Lcd.c,97 :: 		
0x0374	0x1086      	BCF        LCD_D5, BitPos(LCD_D5+0)
;__Lib_Lcd.c,98 :: 		
0x0375	0x1006      	BCF        LCD_D4, BitPos(LCD_D4+0)
;__Lib_Lcd.c,100 :: 		
0x0376	0x200D      	CALL       _Delay_5500us
;__Lib_Lcd.c,101 :: 		
0x0377	0x200D      	CALL       _Delay_5500us
;__Lib_Lcd.c,102 :: 		
0x0378	0x200D      	CALL       _Delay_5500us
;__Lib_Lcd.c,105 :: 		
0x0379	0x1486      	BSF        LCD_D5, BitPos(LCD_D5+0)
;__Lib_Lcd.c,106 :: 		
0x037A	0x1406      	BSF        LCD_D4, BitPos(LCD_D4+0)
;__Lib_Lcd.c,107 :: 		
0x037B	0x1686      	BSF        LCD_EN, BitPos(LCD_EN+0)
;__Lib_Lcd.c,108 :: 		
0x037C	0x200A      	CALL       _Delay_1us
;__Lib_Lcd.c,109 :: 		
0x037D	0x1286      	BCF        LCD_EN, BitPos(LCD_EN+0)
;__Lib_Lcd.c,110 :: 		
0x037E	0x200D      	CALL       _Delay_5500us
;__Lib_Lcd.c,112 :: 		
0x037F	0x1686      	BSF        LCD_EN, BitPos(LCD_EN+0)
;__Lib_Lcd.c,113 :: 		
0x0380	0x200A      	CALL       _Delay_1us
;__Lib_Lcd.c,114 :: 		
0x0381	0x1286      	BCF        LCD_EN, BitPos(LCD_EN+0)
;__Lib_Lcd.c,115 :: 		
0x0382	0x200D      	CALL       _Delay_5500us
;__Lib_Lcd.c,117 :: 		
0x0383	0x1686      	BSF        LCD_EN, BitPos(LCD_EN+0)
;__Lib_Lcd.c,118 :: 		
0x0384	0x200A      	CALL       _Delay_1us
;__Lib_Lcd.c,119 :: 		
0x0385	0x1286      	BCF        LCD_EN, BitPos(LCD_EN+0)
;__Lib_Lcd.c,120 :: 		
0x0386	0x200D      	CALL       _Delay_5500us
;__Lib_Lcd.c,123 :: 		
0x0387	0x1006      	BCF        LCD_D4, BitPos(LCD_D4+0)
;__Lib_Lcd.c,124 :: 		
0x0388	0x1686      	BSF        LCD_EN, BitPos(LCD_EN+0)
;__Lib_Lcd.c,125 :: 		
0x0389	0x200A      	CALL       _Delay_1us
;__Lib_Lcd.c,126 :: 		
0x038A	0x1286      	BCF        LCD_EN, BitPos(LCD_EN+0)
;__Lib_Lcd.c,127 :: 		
0x038B	0x200D      	CALL       _Delay_5500us
;__Lib_Lcd.c,130 :: 		
0x038C	0x1686      	BSF        LCD_EN, BitPos(LCD_EN+0)
;__Lib_Lcd.c,131 :: 		
0x038D	0x200A      	CALL       _Delay_1us
;__Lib_Lcd.c,132 :: 		
0x038E	0x1286      	BCF        LCD_EN, BitPos(LCD_EN+0)
;__Lib_Lcd.c,134 :: 		
0x038F	0x1086      	BCF        LCD_D5, BitPos(LCD_D5+0)
;__Lib_Lcd.c,135 :: 		
0x0390	0x1586      	BSF        LCD_D7, BitPos(LCD_D7+0)
;__Lib_Lcd.c,136 :: 		
0x0391	0x1686      	BSF        LCD_EN, BitPos(LCD_EN+0)
;__Lib_Lcd.c,137 :: 		
0x0392	0x200A      	CALL       _Delay_1us
;__Lib_Lcd.c,138 :: 		
0x0393	0x1286      	BCF        LCD_EN, BitPos(LCD_EN+0)
;__Lib_Lcd.c,139 :: 		
0x0394	0x200D      	CALL       _Delay_5500us
;__Lib_Lcd.c,142 :: 		
0x0395	0x1186      	BCF        LCD_D7, BitPos(LCD_D7+0)
;__Lib_Lcd.c,143 :: 		
0x0396	0x1406      	BSF        LCD_D4, BitPos(LCD_D4+0)
;__Lib_Lcd.c,144 :: 		
0x0397	0x1686      	BSF        LCD_EN, BitPos(LCD_EN+0)
;__Lib_Lcd.c,145 :: 		
0x0398	0x200A      	CALL       _Delay_1us
;__Lib_Lcd.c,146 :: 		
0x0399	0x1286      	BCF        LCD_EN, BitPos(LCD_EN+0)
;__Lib_Lcd.c,148 :: 		
0x039A	0x1006      	BCF        LCD_D4, BitPos(LCD_D4+0)
;__Lib_Lcd.c,149 :: 		
0x039B	0x1686      	BSF        LCD_EN, BitPos(LCD_EN+0)
;__Lib_Lcd.c,150 :: 		
0x039C	0x200A      	CALL       _Delay_1us
;__Lib_Lcd.c,151 :: 		
0x039D	0x1286      	BCF        LCD_EN, BitPos(LCD_EN+0)
;__Lib_Lcd.c,152 :: 		
0x039E	0x200D      	CALL       _Delay_5500us
;__Lib_Lcd.c,155 :: 		
0x039F	0x1686      	BSF        LCD_EN, BitPos(LCD_EN+0)
;__Lib_Lcd.c,156 :: 		
0x03A0	0x200A      	CALL       _Delay_1us
;__Lib_Lcd.c,157 :: 		
0x03A1	0x1286      	BCF        LCD_EN, BitPos(LCD_EN+0)
;__Lib_Lcd.c,159 :: 		
0x03A2	0x1406      	BSF        LCD_D4, BitPos(LCD_D4+0)
;__Lib_Lcd.c,160 :: 		
0x03A3	0x1686      	BSF        LCD_EN, BitPos(LCD_EN+0)
;__Lib_Lcd.c,161 :: 		
0x03A4	0x200A      	CALL       _Delay_1us
;__Lib_Lcd.c,162 :: 		
0x03A5	0x1286      	BCF        LCD_EN, BitPos(LCD_EN+0)
;__Lib_Lcd.c,163 :: 		
0x03A6	0x200D      	CALL       _Delay_5500us
;__Lib_Lcd.c,166 :: 		
0x03A7	0x1006      	BCF        LCD_D4, BitPos(LCD_D4+0)
;__Lib_Lcd.c,167 :: 		
0x03A8	0x1686      	BSF        LCD_EN, BitPos(LCD_EN+0)
;__Lib_Lcd.c,168 :: 		
0x03A9	0x200A      	CALL       _Delay_1us
;__Lib_Lcd.c,169 :: 		
0x03AA	0x1286      	BCF        LCD_EN, BitPos(LCD_EN+0)
;__Lib_Lcd.c,171 :: 		
0x03AB	0x1586      	BSF        LCD_D7, BitPos(LCD_D7+0)
;__Lib_Lcd.c,172 :: 		
0x03AC	0x1506      	BSF        LCD_D6, BitPos(LCD_D6+0)
;__Lib_Lcd.c,173 :: 		
0x03AD	0x1486      	BSF        LCD_D5, BitPos(LCD_D5+0)
;__Lib_Lcd.c,174 :: 		
0x03AE	0x1406      	BSF        LCD_D4, BitPos(LCD_D4+0)
;__Lib_Lcd.c,175 :: 		
0x03AF	0x1686      	BSF        LCD_EN, BitPos(LCD_EN+0)
;__Lib_Lcd.c,176 :: 		
0x03B0	0x200A      	CALL       _Delay_1us
;__Lib_Lcd.c,177 :: 		
0x03B1	0x1286      	BCF        LCD_EN, BitPos(LCD_EN+0)
;__Lib_Lcd.c,179 :: 		
0x03B2	0x200D      	CALL       _Delay_5500us
;__Lib_Lcd.c,181 :: 		
0x03B3	0x1435      	BSF        __Lib_Lcd_cmd_status, BitPos(__Lib_Lcd_cmd_status+0)
;__Lib_Lcd.c,182 :: 		
L_end_Lcd_Init:
0x03B4	0x0008      	RETURN
; end of _Lcd_Init
_main:
0x03B5	0x1283      	BCF        STATUS, 5
0x03B6	0x1303      	BCF        STATUS, 6
0x03B7	0x01A0      	CLRF       ?lstr3_MyProject
0x03B8	0x01A1      	CLRF       ?lstr2_MyProject
0x03B9	0x01A2      	CLRF       ?lstr1_MyProject
0x03BA	0x01A3      	CLRF       ?lstr5_MyProject
0x03BB	0x01A4      	CLRF       ?lstr4_MyProject
;MyProject.c,306 :: 		void main()
;MyProject.c,308 :: 		ANSEL = 0;
0x03BC	0x1683      	BSF        STATUS, 5
0x03BD	0x1703      	BSF        STATUS, 6
0x03BE	0x0188      	CLRF       ANSEL
;MyProject.c,309 :: 		ANSELH = 0;
0x03BF	0x0189      	CLRF       ANSELH
;MyProject.c,310 :: 		C1ON_bit = 0;
0x03C0	0x1283      	BCF        STATUS, 5
0x03C1	0x1387      	BCF        C1ON_bit, BitPos(C1ON_bit+0)
;MyProject.c,311 :: 		C2ON_bit = 0;
0x03C2	0x1388      	BCF        C2ON_bit, BitPos(C2ON_bit+0)
;MyProject.c,312 :: 		TRISB = 0;
0x03C3	0x1683      	BSF        STATUS, 5
0x03C4	0x1303      	BCF        STATUS, 6
0x03C5	0x0186      	CLRF       TRISB
;MyProject.c,313 :: 		PORTB = 0;
0x03C6	0x1283      	BCF        STATUS, 5
0x03C7	0x0186      	CLRF       PORTB
;MyProject.c,314 :: 		TRISC.F1 = 0;
0x03C8	0x1683      	BSF        STATUS, 5
0x03C9	0x1087      	BCF        TRISC, 1
;MyProject.c,315 :: 		PORTC.F1 = 0;
0x03CA	0x1283      	BCF        STATUS, 5
0x03CB	0x1087      	BCF        PORTC, 1
;MyProject.c,316 :: 		TRISC.F2 = 0;
0x03CC	0x1683      	BSF        STATUS, 5
0x03CD	0x1107      	BCF        TRISC, 2
;MyProject.c,317 :: 		PORTC.F2 = 0;
0x03CE	0x1283      	BCF        STATUS, 5
0x03CF	0x1107      	BCF        PORTC, 2
;MyProject.c,318 :: 		TRISD = 0xF0;
0x03D0	0x30F0      	MOVLW      240
0x03D1	0x1683      	BSF        STATUS, 5
0x03D2	0x0088      	MOVWF      TRISD
;MyProject.c,319 :: 		PORTD = 0xF0;
0x03D3	0x30F0      	MOVLW      240
0x03D4	0x1283      	BCF        STATUS, 5
0x03D5	0x0088      	MOVWF      PORTD
;MyProject.c,320 :: 		TRISE = 0x00;
0x03D6	0x1683      	BSF        STATUS, 5
0x03D7	0x0189      	CLRF       TRISE
;MyProject.c,321 :: 		PORTE = 0x00;
0x03D8	0x1283      	BCF        STATUS, 5
0x03D9	0x0189      	CLRF       PORTE
;MyProject.c,322 :: 		Lcd_Init();
0x03DA	0x2367      	CALL       _Lcd_Init
;MyProject.c,323 :: 		Lcd_Cmd(_LCD_CURSOR_OFF);
0x03DB	0x300C      	MOVLW      12
0x03DC	0x00C6      	MOVWF      FARG_Lcd_Cmd_out_char
0x03DD	0x201A      	CALL       _Lcd_Cmd
;MyProject.c,324 :: 		Lcd_cmd(_Lcd_clear);
0x03DE	0x3001      	MOVLW      1
0x03DF	0x00C6      	MOVWF      FARG_Lcd_Cmd_out_char
0x03E0	0x201A      	CALL       _Lcd_Cmd
;MyProject.c,326 :: 		ver(1,txt1);
0x03E1	0x3001      	MOVLW      1
0x03E2	0x00C0      	MOVWF      FARG_ver_F
0x03E3	0x3045      	MOVLW      _txt1
0x03E4	0x00C1      	MOVWF      FARG_ver_txt
0x03E5	0x3006      	MOVLW      hi_addr(_txt1)
0x03E6	0x00C2      	MOVWF      FARG_ver_txt+1
0x03E7	0x2096      	CALL       _ver
;MyProject.c,327 :: 		ver(2,txt2);
0x03E8	0x3002      	MOVLW      2
0x03E9	0x00C0      	MOVWF      FARG_ver_F
0x03EA	0x3056      	MOVLW      _txt2
0x03EB	0x00C1      	MOVWF      FARG_ver_txt
0x03EC	0x3006      	MOVLW      hi_addr(_txt2)
0x03ED	0x00C2      	MOVWF      FARG_ver_txt+1
0x03EE	0x2096      	CALL       _ver
;MyProject.c,328 :: 		delay_ms(1000);
0x03EF	0x300B      	MOVLW      11
0x03F0	0x00FB      	MOVWF      R11
0x03F1	0x3026      	MOVLW      38
0x03F2	0x00FC      	MOVWF      R12
0x03F3	0x305D      	MOVLW      93
0x03F4	0x00FD      	MOVWF      R13
L_main102:
0x03F5	0x0BFD      	DECFSZ     R13, 1
0x03F6	0x2BF5      	GOTO       L_main102
0x03F7	0x0BFC      	DECFSZ     R12, 1
0x03F8	0x2BF5      	GOTO       L_main102
0x03F9	0x0BFB      	DECFSZ     R11, 1
0x03FA	0x2BF5      	GOTO       L_main102
0x03FB	0x0000      	NOP
0x03FC	0x0000      	NOP
;MyProject.c,329 :: 		lcd_cmd(_lcd_clear);
0x03FD	0x3001      	MOVLW      1
0x03FE	0x00C6      	MOVWF      FARG_Lcd_Cmd_out_char
0x03FF	0x201A      	CALL       _Lcd_Cmd
;MyProject.c,330 :: 		ver(1,txt3);
0x0400	0x3001      	MOVLW      1
0x0401	0x00C0      	MOVWF      FARG_ver_F
0x0402	0x30CD      	MOVLW      _txt3
0x0403	0x00C1      	MOVWF      FARG_ver_txt
0x0404	0x3006      	MOVLW      hi_addr(_txt3)
0x0405	0x00C2      	MOVWF      FARG_ver_txt+1
0x0406	0x2096      	CALL       _ver
;MyProject.c,331 :: 		ver(2,txt4);
0x0407	0x3002      	MOVLW      2
0x0408	0x00C0      	MOVWF      FARG_ver_F
0x0409	0x30DE      	MOVLW      _txt4
0x040A	0x00C1      	MOVWF      FARG_ver_txt
0x040B	0x3006      	MOVLW      hi_addr(_txt4)
0x040C	0x00C2      	MOVWF      FARG_ver_txt+1
0x040D	0x2096      	CALL       _ver
;MyProject.c,332 :: 		delay_ms(1000);
0x040E	0x300B      	MOVLW      11
0x040F	0x00FB      	MOVWF      R11
0x0410	0x3026      	MOVLW      38
0x0411	0x00FC      	MOVWF      R12
0x0412	0x305D      	MOVLW      93
0x0413	0x00FD      	MOVWF      R13
L_main103:
0x0414	0x0BFD      	DECFSZ     R13, 1
0x0415	0x2C14      	GOTO       L_main103
0x0416	0x0BFC      	DECFSZ     R12, 1
0x0417	0x2C14      	GOTO       L_main103
0x0418	0x0BFB      	DECFSZ     R11, 1
0x0419	0x2C14      	GOTO       L_main103
0x041A	0x0000      	NOP
0x041B	0x0000      	NOP
;MyProject.c,333 :: 		lcd_cmd(_lcd_clear);
0x041C	0x3001      	MOVLW      1
0x041D	0x00C6      	MOVWF      FARG_Lcd_Cmd_out_char
0x041E	0x201A      	CALL       _Lcd_Cmd
;MyProject.c,334 :: 		ver(1,txt5);
0x041F	0x3001      	MOVLW      1
0x0420	0x00C0      	MOVWF      FARG_ver_F
0x0421	0x3089      	MOVLW      _txt5
0x0422	0x00C1      	MOVWF      FARG_ver_txt
0x0423	0x3005      	MOVLW      hi_addr(_txt5)
0x0424	0x00C2      	MOVWF      FARG_ver_txt+1
0x0425	0x2096      	CALL       _ver
;MyProject.c,335 :: 		ver(2,txt6);
0x0426	0x3002      	MOVLW      2
0x0427	0x00C0      	MOVWF      FARG_ver_F
0x0428	0x3077      	MOVLW      _txt6
0x0429	0x00C1      	MOVWF      FARG_ver_txt
0x042A	0x3005      	MOVLW      hi_addr(_txt6)
0x042B	0x00C2      	MOVWF      FARG_ver_txt+1
0x042C	0x2096      	CALL       _ver
;MyProject.c,336 :: 		delay_ms(1000);
0x042D	0x300B      	MOVLW      11
0x042E	0x00FB      	MOVWF      R11
0x042F	0x3026      	MOVLW      38
0x0430	0x00FC      	MOVWF      R12
0x0431	0x305D      	MOVLW      93
0x0432	0x00FD      	MOVWF      R13
L_main104:
0x0433	0x0BFD      	DECFSZ     R13, 1
0x0434	0x2C33      	GOTO       L_main104
0x0435	0x0BFC      	DECFSZ     R12, 1
0x0436	0x2C33      	GOTO       L_main104
0x0437	0x0BFB      	DECFSZ     R11, 1
0x0438	0x2C33      	GOTO       L_main104
0x0439	0x0000      	NOP
0x043A	0x0000      	NOP
;MyProject.c,337 :: 		lcd_cmd(_lcd_clear);
0x043B	0x3001      	MOVLW      1
0x043C	0x00C6      	MOVWF      FARG_Lcd_Cmd_out_char
0x043D	0x201A      	CALL       _Lcd_Cmd
;MyProject.c,338 :: 		ver(1,txt7);
0x043E	0x3001      	MOVLW      1
0x043F	0x00C0      	MOVWF      FARG_ver_F
0x0440	0x30BC      	MOVLW      _txt7
0x0441	0x00C1      	MOVWF      FARG_ver_txt
0x0442	0x3006      	MOVLW      hi_addr(_txt7)
0x0443	0x00C2      	MOVWF      FARG_ver_txt+1
0x0444	0x2096      	CALL       _ver
;MyProject.c,339 :: 		delay_ms(1000);
0x0445	0x300B      	MOVLW      11
0x0446	0x00FB      	MOVWF      R11
0x0447	0x3026      	MOVLW      38
0x0448	0x00FC      	MOVWF      R12
0x0449	0x305D      	MOVLW      93
0x044A	0x00FD      	MOVWF      R13
L_main105:
0x044B	0x0BFD      	DECFSZ     R13, 1
0x044C	0x2C4B      	GOTO       L_main105
0x044D	0x0BFC      	DECFSZ     R12, 1
0x044E	0x2C4B      	GOTO       L_main105
0x044F	0x0BFB      	DECFSZ     R11, 1
0x0450	0x2C4B      	GOTO       L_main105
0x0451	0x0000      	NOP
0x0452	0x0000      	NOP
;MyProject.c,340 :: 		lcd_cmd(_lcd_clear);
0x0453	0x3001      	MOVLW      1
0x0454	0x00C6      	MOVWF      FARG_Lcd_Cmd_out_char
0x0455	0x201A      	CALL       _Lcd_Cmd
;MyProject.c,341 :: 		ver(1,txt10);
0x0456	0x3001      	MOVLW      1
0x0457	0x00C0      	MOVWF      FARG_ver_F
0x0458	0x309A      	MOVLW      _txt10
0x0459	0x00C1      	MOVWF      FARG_ver_txt
0x045A	0x3006      	MOVLW      hi_addr(_txt10)
0x045B	0x00C2      	MOVWF      FARG_ver_txt+1
0x045C	0x2096      	CALL       _ver
;MyProject.c,342 :: 		ver(2,txt11);
0x045D	0x3002      	MOVLW      2
0x045E	0x00C0      	MOVWF      FARG_ver_F
0x045F	0x30AB      	MOVLW      _txt11
0x0460	0x00C1      	MOVWF      FARG_ver_txt
0x0461	0x3006      	MOVLW      hi_addr(_txt11)
0x0462	0x00C2      	MOVWF      FARG_ver_txt+1
0x0463	0x2096      	CALL       _ver
;MyProject.c,343 :: 		delay_ms(1000);
0x0464	0x300B      	MOVLW      11
0x0465	0x00FB      	MOVWF      R11
0x0466	0x3026      	MOVLW      38
0x0467	0x00FC      	MOVWF      R12
0x0468	0x305D      	MOVLW      93
0x0469	0x00FD      	MOVWF      R13
L_main106:
0x046A	0x0BFD      	DECFSZ     R13, 1
0x046B	0x2C6A      	GOTO       L_main106
0x046C	0x0BFC      	DECFSZ     R12, 1
0x046D	0x2C6A      	GOTO       L_main106
0x046E	0x0BFB      	DECFSZ     R11, 1
0x046F	0x2C6A      	GOTO       L_main106
0x0470	0x0000      	NOP
0x0471	0x0000      	NOP
;MyProject.c,344 :: 		lcd_cmd(_lcd_clear);
0x0472	0x3001      	MOVLW      1
0x0473	0x00C6      	MOVWF      FARG_Lcd_Cmd_out_char
0x0474	0x201A      	CALL       _Lcd_Cmd
;MyProject.c,345 :: 		ver(1,txt13);
0x0475	0x3001      	MOVLW      1
0x0476	0x00C0      	MOVWF      FARG_ver_F
0x0477	0x30AC      	MOVLW      _txt13
0x0478	0x00C1      	MOVWF      FARG_ver_txt
0x0479	0x3005      	MOVLW      hi_addr(_txt13)
0x047A	0x00C2      	MOVWF      FARG_ver_txt+1
0x047B	0x2096      	CALL       _ver
;MyProject.c,346 :: 		delay_ms(1000);
0x047C	0x300B      	MOVLW      11
0x047D	0x00FB      	MOVWF      R11
0x047E	0x3026      	MOVLW      38
0x047F	0x00FC      	MOVWF      R12
0x0480	0x305D      	MOVLW      93
0x0481	0x00FD      	MOVWF      R13
L_main107:
0x0482	0x0BFD      	DECFSZ     R13, 1
0x0483	0x2C82      	GOTO       L_main107
0x0484	0x0BFC      	DECFSZ     R12, 1
0x0485	0x2C82      	GOTO       L_main107
0x0486	0x0BFB      	DECFSZ     R11, 1
0x0487	0x2C82      	GOTO       L_main107
0x0488	0x0000      	NOP
0x0489	0x0000      	NOP
;MyProject.c,347 :: 		lcd_cmd(_lcd_clear);
0x048A	0x3001      	MOVLW      1
0x048B	0x00C6      	MOVWF      FARG_Lcd_Cmd_out_char
0x048C	0x201A      	CALL       _Lcd_Cmd
;MyProject.c,348 :: 		ver(1,txt16);
0x048D	0x3001      	MOVLW      1
0x048E	0x00C0      	MOVWF      FARG_ver_F
0x048F	0x30BD      	MOVLW      _txt16
0x0490	0x00C1      	MOVWF      FARG_ver_txt
0x0491	0x3005      	MOVLW      hi_addr(_txt16)
0x0492	0x00C2      	MOVWF      FARG_ver_txt+1
0x0493	0x2096      	CALL       _ver
;MyProject.c,349 :: 		ver(2,txt17);
0x0494	0x3002      	MOVLW      2
0x0495	0x00C0      	MOVWF      FARG_ver_F
0x0496	0x30CE      	MOVLW      _txt17
0x0497	0x00C1      	MOVWF      FARG_ver_txt
0x0498	0x3005      	MOVLW      hi_addr(_txt17)
0x0499	0x00C2      	MOVWF      FARG_ver_txt+1
0x049A	0x2096      	CALL       _ver
;MyProject.c,350 :: 		delay_ms(1000);
0x049B	0x300B      	MOVLW      11
0x049C	0x00FB      	MOVWF      R11
0x049D	0x3026      	MOVLW      38
0x049E	0x00FC      	MOVWF      R12
0x049F	0x305D      	MOVLW      93
0x04A0	0x00FD      	MOVWF      R13
L_main108:
0x04A1	0x0BFD      	DECFSZ     R13, 1
0x04A2	0x2CA1      	GOTO       L_main108
0x04A3	0x0BFC      	DECFSZ     R12, 1
0x04A4	0x2CA1      	GOTO       L_main108
0x04A5	0x0BFB      	DECFSZ     R11, 1
0x04A6	0x2CA1      	GOTO       L_main108
0x04A7	0x0000      	NOP
0x04A8	0x0000      	NOP
;MyProject.c,351 :: 		lcd_cmd(_lcd_clear);
0x04A9	0x3001      	MOVLW      1
0x04AA	0x00C6      	MOVWF      FARG_Lcd_Cmd_out_char
0x04AB	0x201A      	CALL       _Lcd_Cmd
;MyProject.c,352 :: 		ver(1,txt14);
0x04AC	0x3001      	MOVLW      1
0x04AD	0x00C0      	MOVWF      FARG_ver_F
0x04AE	0x309B      	MOVLW      _txt14
0x04AF	0x00C1      	MOVWF      FARG_ver_txt
0x04B0	0x3005      	MOVLW      hi_addr(_txt14)
0x04B1	0x00C2      	MOVWF      FARG_ver_txt+1
0x04B2	0x2096      	CALL       _ver
;MyProject.c,353 :: 		delay_ms(1000);
0x04B3	0x300B      	MOVLW      11
0x04B4	0x00FB      	MOVWF      R11
0x04B5	0x3026      	MOVLW      38
0x04B6	0x00FC      	MOVWF      R12
0x04B7	0x305D      	MOVLW      93
0x04B8	0x00FD      	MOVWF      R13
L_main109:
0x04B9	0x0BFD      	DECFSZ     R13, 1
0x04BA	0x2CB9      	GOTO       L_main109
0x04BB	0x0BFC      	DECFSZ     R12, 1
0x04BC	0x2CB9      	GOTO       L_main109
0x04BD	0x0BFB      	DECFSZ     R11, 1
0x04BE	0x2CB9      	GOTO       L_main109
0x04BF	0x0000      	NOP
0x04C0	0x0000      	NOP
;MyProject.c,354 :: 		lcd_cmd(_lcd_clear);
0x04C1	0x3001      	MOVLW      1
0x04C2	0x00C6      	MOVWF      FARG_Lcd_Cmd_out_char
0x04C3	0x201A      	CALL       _Lcd_Cmd
;MyProject.c,355 :: 		ver(1,txt16);
0x04C4	0x3001      	MOVLW      1
0x04C5	0x00C0      	MOVWF      FARG_ver_F
0x04C6	0x30BD      	MOVLW      _txt16
0x04C7	0x00C1      	MOVWF      FARG_ver_txt
0x04C8	0x3005      	MOVLW      hi_addr(_txt16)
0x04C9	0x00C2      	MOVWF      FARG_ver_txt+1
0x04CA	0x2096      	CALL       _ver
;MyProject.c,356 :: 		ver(2,txt17);
0x04CB	0x3002      	MOVLW      2
0x04CC	0x00C0      	MOVWF      FARG_ver_F
0x04CD	0x30CE      	MOVLW      _txt17
0x04CE	0x00C1      	MOVWF      FARG_ver_txt
0x04CF	0x3005      	MOVLW      hi_addr(_txt17)
0x04D0	0x00C2      	MOVWF      FARG_ver_txt+1
0x04D1	0x2096      	CALL       _ver
;MyProject.c,357 :: 		delay_ms(1000);
0x04D2	0x300B      	MOVLW      11
0x04D3	0x00FB      	MOVWF      R11
0x04D4	0x3026      	MOVLW      38
0x04D5	0x00FC      	MOVWF      R12
0x04D6	0x305D      	MOVLW      93
0x04D7	0x00FD      	MOVWF      R13
L_main110:
0x04D8	0x0BFD      	DECFSZ     R13, 1
0x04D9	0x2CD8      	GOTO       L_main110
0x04DA	0x0BFC      	DECFSZ     R12, 1
0x04DB	0x2CD8      	GOTO       L_main110
0x04DC	0x0BFB      	DECFSZ     R11, 1
0x04DD	0x2CD8      	GOTO       L_main110
0x04DE	0x0000      	NOP
0x04DF	0x0000      	NOP
;MyProject.c,358 :: 		lcd_cmd(_lcd_clear);
0x04E0	0x3001      	MOVLW      1
0x04E1	0x00C6      	MOVWF      FARG_Lcd_Cmd_out_char
0x04E2	0x201A      	CALL       _Lcd_Cmd
;MyProject.c,359 :: 		ver(1,txt15);
0x04E3	0x3001      	MOVLW      1
0x04E4	0x00C0      	MOVWF      FARG_ver_F
0x04E5	0x3012      	MOVLW      _txt15
0x04E6	0x00C1      	MOVWF      FARG_ver_txt
0x04E7	0x3006      	MOVLW      hi_addr(_txt15)
0x04E8	0x00C2      	MOVWF      FARG_ver_txt+1
0x04E9	0x2096      	CALL       _ver
;MyProject.c,360 :: 		delay_ms(1000);
0x04EA	0x300B      	MOVLW      11
0x04EB	0x00FB      	MOVWF      R11
0x04EC	0x3026      	MOVLW      38
0x04ED	0x00FC      	MOVWF      R12
0x04EE	0x305D      	MOVLW      93
0x04EF	0x00FD      	MOVWF      R13
L_main111:
0x04F0	0x0BFD      	DECFSZ     R13, 1
0x04F1	0x2CF0      	GOTO       L_main111
0x04F2	0x0BFC      	DECFSZ     R12, 1
0x04F3	0x2CF0      	GOTO       L_main111
0x04F4	0x0BFB      	DECFSZ     R11, 1
0x04F5	0x2CF0      	GOTO       L_main111
0x04F6	0x0000      	NOP
0x04F7	0x0000      	NOP
;MyProject.c,361 :: 		lcd_cmd(_lcd_clear);
0x04F8	0x3001      	MOVLW      1
0x04F9	0x00C6      	MOVWF      FARG_Lcd_Cmd_out_char
0x04FA	0x201A      	CALL       _Lcd_Cmd
;MyProject.c,362 :: 		ver(1,txt16);
0x04FB	0x3001      	MOVLW      1
0x04FC	0x00C0      	MOVWF      FARG_ver_F
0x04FD	0x30BD      	MOVLW      _txt16
0x04FE	0x00C1      	MOVWF      FARG_ver_txt
0x04FF	0x3005      	MOVLW      hi_addr(_txt16)
0x0500	0x00C2      	MOVWF      FARG_ver_txt+1
0x0501	0x2096      	CALL       _ver
;MyProject.c,363 :: 		ver(2,txt17);
0x0502	0x3002      	MOVLW      2
0x0503	0x00C0      	MOVWF      FARG_ver_F
0x0504	0x30CE      	MOVLW      _txt17
0x0505	0x00C1      	MOVWF      FARG_ver_txt
0x0506	0x3005      	MOVLW      hi_addr(_txt17)
0x0507	0x00C2      	MOVWF      FARG_ver_txt+1
0x0508	0x2096      	CALL       _ver
;MyProject.c,364 :: 		delay_ms(1000);
0x0509	0x300B      	MOVLW      11
0x050A	0x00FB      	MOVWF      R11
0x050B	0x3026      	MOVLW      38
0x050C	0x00FC      	MOVWF      R12
0x050D	0x305D      	MOVLW      93
0x050E	0x00FD      	MOVWF      R13
L_main112:
0x050F	0x0BFD      	DECFSZ     R13, 1
0x0510	0x2D0F      	GOTO       L_main112
0x0511	0x0BFC      	DECFSZ     R12, 1
0x0512	0x2D0F      	GOTO       L_main112
0x0513	0x0BFB      	DECFSZ     R11, 1
0x0514	0x2D0F      	GOTO       L_main112
0x0515	0x0000      	NOP
0x0516	0x0000      	NOP
;MyProject.c,365 :: 		lcd_cmd(_lcd_clear);
0x0517	0x3001      	MOVLW      1
0x0518	0x00C6      	MOVWF      FARG_Lcd_Cmd_out_char
0x0519	0x201A      	CALL       _Lcd_Cmd
;MyProject.c,366 :: 		while(1){
L_main113:
;MyProject.c,367 :: 		ver(1,txt33);
0x051A	0x3001      	MOVLW      1
0x051B	0x00C0      	MOVWF      FARG_ver_F
0x051C	0x3023      	MOVLW      _txt33
0x051D	0x00C1      	MOVWF      FARG_ver_txt
0x051E	0x3006      	MOVLW      hi_addr(_txt33)
0x051F	0x00C2      	MOVWF      FARG_ver_txt+1
0x0520	0x2096      	CALL       _ver
;MyProject.c,368 :: 		lcd_out(2,1,"");
0x0521	0x3002      	MOVLW      2
0x0522	0x00BB      	MOVWF      FARG_Lcd_Out_row
0x0523	0x3001      	MOVLW      1
0x0524	0x00BC      	MOVWF      FARG_Lcd_Out_column
0x0525	0x3022      	MOVLW      ?lstr1_MyProject
0x0526	0x00BD      	MOVWF      FARG_Lcd_Out_text
0x0527	0x2327      	CALL       _Lcd_Out
;MyProject.c,369 :: 		Cantidad();
0x0528	0x2307      	CALL       _Cantidad
;MyProject.c,370 :: 		lcd_cmd(_lcd_clear);
0x0529	0x3001      	MOVLW      1
0x052A	0x00C6      	MOVWF      FARG_Lcd_Cmd_out_char
0x052B	0x201A      	CALL       _Lcd_Cmd
;MyProject.c,371 :: 		ver(1,txt34);
0x052C	0x3001      	MOVLW      1
0x052D	0x00C0      	MOVWF      FARG_ver_F
0x052E	0x3034      	MOVLW      _txt34
0x052F	0x00C1      	MOVWF      FARG_ver_txt
0x0530	0x3006      	MOVLW      hi_addr(_txt34)
0x0531	0x00C2      	MOVWF      FARG_ver_txt+1
0x0532	0x2096      	CALL       _ver
;MyProject.c,372 :: 		lcd_out(2,1,"");
0x0533	0x3002      	MOVLW      2
0x0534	0x00BB      	MOVWF      FARG_Lcd_Out_row
0x0535	0x3001      	MOVLW      1
0x0536	0x00BC      	MOVWF      FARG_Lcd_Out_column
0x0537	0x3021      	MOVLW      ?lstr2_MyProject
0x0538	0x00BD      	MOVWF      FARG_Lcd_Out_text
0x0539	0x2327      	CALL       _Lcd_Out
;MyProject.c,373 :: 		Cantidad1();
0x053A	0x22BB      	CALL       _Cantidad1
;MyProject.c,374 :: 		lcd_cmd(_lcd_clear);
0x053B	0x3001      	MOVLW      1
0x053C	0x00C6      	MOVWF      FARG_Lcd_Cmd_out_char
0x053D	0x201A      	CALL       _Lcd_Cmd
;MyProject.c,375 :: 		ver(1,txt35);
0x053E	0x3001      	MOVLW      1
0x053F	0x00C0      	MOVWF      FARG_ver_F
0x0540	0x30DF      	MOVLW      _txt35
0x0541	0x00C1      	MOVWF      FARG_ver_txt
0x0542	0x3005      	MOVLW      hi_addr(_txt35)
0x0543	0x00C2      	MOVWF      FARG_ver_txt+1
0x0544	0x2096      	CALL       _ver
;MyProject.c,376 :: 		lcd_out(2,1,"");
0x0545	0x3002      	MOVLW      2
0x0546	0x00BB      	MOVWF      FARG_Lcd_Out_row
0x0547	0x3001      	MOVLW      1
0x0548	0x00BC      	MOVWF      FARG_Lcd_Out_column
0x0549	0x3020      	MOVLW      ?lstr3_MyProject
0x054A	0x00BD      	MOVWF      FARG_Lcd_Out_text
0x054B	0x2327      	CALL       _Lcd_Out
;MyProject.c,377 :: 		Cantidad2();
0x054C	0x229B      	CALL       _Cantidad2
;MyProject.c,378 :: 		lcd_cmd(_lcd_clear);
0x054D	0x3001      	MOVLW      1
0x054E	0x00C6      	MOVWF      FARG_Lcd_Cmd_out_char
0x054F	0x201A      	CALL       _Lcd_Cmd
;MyProject.c,379 :: 		ver(1,txt36);
0x0550	0x3001      	MOVLW      1
0x0551	0x00C0      	MOVWF      FARG_ver_F
0x0552	0x30F0      	MOVLW      _txt36
0x0553	0x00C1      	MOVWF      FARG_ver_txt
0x0554	0x3005      	MOVLW      hi_addr(_txt36)
0x0555	0x00C2      	MOVWF      FARG_ver_txt+1
0x0556	0x2096      	CALL       _ver
;MyProject.c,380 :: 		lcd_out(2,1,"");
0x0557	0x3002      	MOVLW      2
0x0558	0x00BB      	MOVWF      FARG_Lcd_Out_row
0x0559	0x3001      	MOVLW      1
0x055A	0x00BC      	MOVWF      FARG_Lcd_Out_column
0x055B	0x3024      	MOVLW      ?lstr4_MyProject
0x055C	0x00BD      	MOVWF      FARG_Lcd_Out_text
0x055D	0x2327      	CALL       _Lcd_Out
;MyProject.c,381 :: 		Cantidad3();
0x055E	0x21D9      	CALL       _Cantidad3
;MyProject.c,382 :: 		lcd_cmd(_lcd_clear);
0x055F	0x3001      	MOVLW      1
0x0560	0x00C6      	MOVWF      FARG_Lcd_Cmd_out_char
0x0561	0x201A      	CALL       _Lcd_Cmd
;MyProject.c,383 :: 		ver(1,txt37);
0x0562	0x3001      	MOVLW      1
0x0563	0x00C0      	MOVWF      FARG_ver_F
0x0564	0x3001      	MOVLW      _txt37
0x0565	0x00C1      	MOVWF      FARG_ver_txt
0x0566	0x3006      	MOVLW      hi_addr(_txt37)
0x0567	0x00C2      	MOVWF      FARG_ver_txt+1
0x0568	0x2096      	CALL       _ver
;MyProject.c,384 :: 		lcd_out(2,1,"");
0x0569	0x3002      	MOVLW      2
0x056A	0x00BB      	MOVWF      FARG_Lcd_Out_row
0x056B	0x3001      	MOVLW      1
0x056C	0x00BC      	MOVWF      FARG_Lcd_Out_column
0x056D	0x3023      	MOVLW      ?lstr5_MyProject
0x056E	0x00BD      	MOVWF      FARG_Lcd_Out_text
0x056F	0x2327      	CALL       _Lcd_Out
;MyProject.c,385 :: 		Cantidad4();
0x0570	0x22DB      	CALL       _Cantidad4
;MyProject.c,386 :: 		Lcd_cmd(_LCD_CLEAR);
0x0571	0x3001      	MOVLW      1
0x0572	0x00C6      	MOVWF      FARG_Lcd_Cmd_out_char
0x0573	0x201A      	CALL       _Lcd_Cmd
;MyProject.c,387 :: 		Giros();
0x0574	0x21F9      	CALL       _Giros
;MyProject.c,388 :: 		}
0x0575	0x2D1A      	GOTO       L_main113
;MyProject.c,389 :: 		}
L_end_main:
0x0576	0x2D76      	GOTO       $+0
; end of _main
;MyProject.c,7 :: _txt6
0x0577	0x3420 ;_txt6+0
0x0578	0x3420 ;_txt6+1
0x0579	0x3420 ;_txt6+2
0x057A	0x3453 ;_txt6+3
0x057B	0x3465 ;_txt6+4
0x057C	0x3472 ;_txt6+5
0x057D	0x3476 ;_txt6+6
0x057E	0x346F ;_txt6+7
0x057F	0x346D ;_txt6+8
0x0580	0x346F ;_txt6+9
0x0581	0x3474 ;_txt6+10
0x0582	0x346F ;_txt6+11
0x0583	0x3472 ;_txt6+12
0x0584	0x3420 ;_txt6+13
0x0585	0x3420 ;_txt6+14
0x0586	0x3420 ;_txt6+15
0x0587	0x3420 ;_txt6+16
0x0588	0x3400 ;_txt6+17
; end of _txt6
;MyProject.c,6 :: _txt5
0x0589	0x3420 ;_txt5+0
0x058A	0x3420 ;_txt5+1
0x058B	0x3420 ;_txt5+2
0x058C	0x3443 ;_txt5+3
0x058D	0x346F ;_txt5+4
0x058E	0x346E ;_txt5+5
0x058F	0x3474 ;_txt5+6
0x0590	0x3472 ;_txt5+7
0x0591	0x346F ;_txt5+8
0x0592	0x346C ;_txt5+9
0x0593	0x3420 ;_txt5+10
0x0594	0x3444 ;_txt5+11
0x0595	0x3465 ;_txt5+12
0x0596	0x3420 ;_txt5+13
0x0597	0x3420 ;_txt5+14
0x0598	0x3420 ;_txt5+15
0x0599	0x3420 ;_txt5+16
0x059A	0x3400 ;_txt5+17
; end of _txt5
;MyProject.c,12 :: _txt14
0x059B	0x3420 ;_txt14+0
0x059C	0x3420 ;_txt14+1
0x059D	0x3420 ;_txt14+2
0x059E	0x3420 ;_txt14+3
0x059F	0x3420 ;_txt14+4
0x05A0	0x3420 ;_txt14+5
0x05A1	0x3420 ;_txt14+6
0x05A2	0x3420 ;_txt14+7
0x05A3	0x3420 ;_txt14+8
0x05A4	0x3420 ;_txt14+9
0x05A5	0x3420 ;_txt14+10
0x05A6	0x3420 ;_txt14+11
0x05A7	0x3420 ;_txt14+12
0x05A8	0x3420 ;_txt14+13
0x05A9	0x3420 ;_txt14+14
0x05AA	0x3420 ;_txt14+15
0x05AB	0x3400 ;_txt14+16
; end of _txt14
;MyProject.c,11 :: _txt13
0x05AC	0x3420 ;_txt13+0
0x05AD	0x3420 ;_txt13+1
0x05AE	0x3420 ;_txt13+2
0x05AF	0x3420 ;_txt13+3
0x05B0	0x3420 ;_txt13+4
0x05B1	0x3420 ;_txt13+5
0x05B2	0x3420 ;_txt13+6
0x05B3	0x3420 ;_txt13+7
0x05B4	0x3420 ;_txt13+8
0x05B5	0x3420 ;_txt13+9
0x05B6	0x3420 ;_txt13+10
0x05B7	0x3420 ;_txt13+11
0x05B8	0x3420 ;_txt13+12
0x05B9	0x3420 ;_txt13+13
0x05BA	0x3420 ;_txt13+14
0x05BB	0x3420 ;_txt13+15
0x05BC	0x3400 ;_txt13+16
; end of _txt13
;MyProject.c,14 :: _txt16
0x05BD	0x3459 ;_txt16+0
0x05BE	0x3420 ;_txt16+1
0x05BF	0x3450 ;_txt16+2
0x05C0	0x3472 ;_txt16+3
0x05C1	0x3465 ;_txt16+4
0x05C2	0x3473 ;_txt16+5
0x05C3	0x3469 ;_txt16+6
0x05C4	0x346F ;_txt16+7
0x05C5	0x346E ;_txt16+8
0x05C6	0x3465 ;_txt16+9
0x05C7	0x3420 ;_txt16+10
0x05C8	0x3445 ;_txt16+11
0x05C9	0x346E ;_txt16+12
0x05CA	0x3474 ;_txt16+13
0x05CB	0x3465 ;_txt16+14
0x05CC	0x3472 ;_txt16+15
0x05CD	0x3400 ;_txt16+16
; end of _txt16
;MyProject.c,15 :: _txt17
0x05CE	0x3420 ;_txt17+0
0x05CF	0x3420 ;_txt17+1
0x05D0	0x3420 ;_txt17+2
0x05D1	0x3420 ;_txt17+3
0x05D2	0x3420 ;_txt17+4
0x05D3	0x3420 ;_txt17+5
0x05D4	0x3428 ;_txt17+6
0x05D5	0x3423 ;_txt17+7
0x05D6	0x3429 ;_txt17+8
0x05D7	0x3420 ;_txt17+9
0x05D8	0x3420 ;_txt17+10
0x05D9	0x3420 ;_txt17+11
0x05DA	0x3420 ;_txt17+12
0x05DB	0x3420 ;_txt17+13
0x05DC	0x3420 ;_txt17+14
0x05DD	0x3420 ;_txt17+15
0x05DE	0x3400 ;_txt17+16
; end of _txt17
;MyProject.c,22 :: _txt35
0x05DF	0x3420 ;_txt35+0
0x05E0	0x3420 ;_txt35+1
0x05E1	0x3420 ;_txt35+2
0x05E2	0x3420 ;_txt35+3
0x05E3	0x3420 ;_txt35+4
0x05E4	0x3420 ;_txt35+5
0x05E5	0x3420 ;_txt35+6
0x05E6	0x3433 ;_txt35+7
0x05E7	0x3465 ;_txt35+8
0x05E8	0x3472 ;_txt35+9
0x05E9	0x3420 ;_txt35+10
0x05EA	0x3420 ;_txt35+11
0x05EB	0x3420 ;_txt35+12
0x05EC	0x3420 ;_txt35+13
0x05ED	0x3420 ;_txt35+14
0x05EE	0x3420 ;_txt35+15
0x05EF	0x3400 ;_txt35+16
; end of _txt35
;MyProject.c,23 :: _txt36
0x05F0	0x3420 ;_txt36+0
0x05F1	0x3420 ;_txt36+1
0x05F2	0x3420 ;_txt36+2
0x05F3	0x3420 ;_txt36+3
0x05F4	0x3420 ;_txt36+4
0x05F5	0x3420 ;_txt36+5
0x05F6	0x3420 ;_txt36+6
0x05F7	0x3434 ;_txt36+7
0x05F8	0x3474 ;_txt36+8
0x05F9	0x346F ;_txt36+9
0x05FA	0x3420 ;_txt36+10
0x05FB	0x3420 ;_txt36+11
0x05FC	0x3420 ;_txt36+12
0x05FD	0x3420 ;_txt36+13
0x05FE	0x3420 ;_txt36+14
0x05FF	0x3420 ;_txt36+15
0x0600	0x3400 ;_txt36+16
; end of _txt36
;MyProject.c,24 :: _txt37
0x0601	0x3420 ;_txt37+0
0x0602	0x3420 ;_txt37+1
0x0603	0x3420 ;_txt37+2
0x0604	0x3420 ;_txt37+3
0x0605	0x3420 ;_txt37+4
0x0606	0x3420 ;_txt37+5
0x0607	0x3420 ;_txt37+6
0x0608	0x3435 ;_txt37+7
0x0609	0x3474 ;_txt37+8
0x060A	0x346F ;_txt37+9
0x060B	0x3420 ;_txt37+10
0x060C	0x3420 ;_txt37+11
0x060D	0x3420 ;_txt37+12
0x060E	0x3420 ;_txt37+13
0x060F	0x3420 ;_txt37+14
0x0610	0x3420 ;_txt37+15
0x0611	0x3400 ;_txt37+16
; end of _txt37
;MyProject.c,13 :: _txt15
0x0612	0x3420 ;_txt15+0
0x0613	0x3420 ;_txt15+1
0x0614	0x3420 ;_txt15+2
0x0615	0x3420 ;_txt15+3
0x0616	0x3420 ;_txt15+4
0x0617	0x3420 ;_txt15+5
0x0618	0x3420 ;_txt15+6
0x0619	0x3420 ;_txt15+7
0x061A	0x3420 ;_txt15+8
0x061B	0x3420 ;_txt15+9
0x061C	0x3420 ;_txt15+10
0x061D	0x3420 ;_txt15+11
0x061E	0x3420 ;_txt15+12
0x061F	0x3420 ;_txt15+13
0x0620	0x3420 ;_txt15+14
0x0621	0x3420 ;_txt15+15
0x0622	0x3400 ;_txt15+16
; end of _txt15
;MyProject.c,20 :: _txt33
0x0623	0x3420 ;_txt33+0
0x0624	0x3420 ;_txt33+1
0x0625	0x3420 ;_txt33+2
0x0626	0x3420 ;_txt33+3
0x0627	0x3420 ;_txt33+4
0x0628	0x3420 ;_txt33+5
0x0629	0x3420 ;_txt33+6
0x062A	0x3431 ;_txt33+7
0x062B	0x3465 ;_txt33+8
0x062C	0x3472 ;_txt33+9
0x062D	0x3420 ;_txt33+10
0x062E	0x3420 ;_txt33+11
0x062F	0x3420 ;_txt33+12
0x0630	0x3420 ;_txt33+13
0x0631	0x3420 ;_txt33+14
0x0632	0x3420 ;_txt33+15
0x0633	0x3400 ;_txt33+16
; end of _txt33
;MyProject.c,21 :: _txt34
0x0634	0x3420 ;_txt34+0
0x0635	0x3420 ;_txt34+1
0x0636	0x3420 ;_txt34+2
0x0637	0x3420 ;_txt34+3
0x0638	0x3420 ;_txt34+4
0x0639	0x3420 ;_txt34+5
0x063A	0x3420 ;_txt34+6
0x063B	0x3432 ;_txt34+7
0x063C	0x3464 ;_txt34+8
0x063D	0x346F ;_txt34+9
0x063E	0x3420 ;_txt34+10
0x063F	0x3420 ;_txt34+11
0x0640	0x3420 ;_txt34+12
0x0641	0x3420 ;_txt34+13
0x0642	0x3420 ;_txt34+14
0x0643	0x3420 ;_txt34+15
0x0644	0x3400 ;_txt34+16
; end of _txt34
;MyProject.c,2 :: _txt1
0x0645	0x3420 ;_txt1+0
0x0646	0x3420 ;_txt1+1
0x0647	0x3420 ;_txt1+2
0x0648	0x3420 ;_txt1+3
0x0649	0x3453 ;_txt1+4
0x064A	0x3453 ;_txt1+5
0x064B	0x3450 ;_txt1+6
0x064C	0x3450 ;_txt1+7
0x064D	0x3453 ;_txt1+8
0x064E	0x3445 ;_txt1+9
0x064F	0x3420 ;_txt1+10
0x0650	0x3420 ;_txt1+11
0x0651	0x3420 ;_txt1+12
0x0652	0x3420 ;_txt1+13
0x0653	0x3420 ;_txt1+14
0x0654	0x3420 ;_txt1+15
0x0655	0x3400 ;_txt1+16
; end of _txt1
;MyProject.c,3 :: _txt2
0x0656	0x3449 ;_txt2+0
0x0657	0x346E ;_txt2+1
0x0658	0x3467 ;_txt2+2
0x0659	0x342E ;_txt2+3
0x065A	0x3420 ;_txt2+4
0x065B	0x344A ;_txt2+5
0x065C	0x346F ;_txt2+6
0x065D	0x3473 ;_txt2+7
0x065E	0x3465 ;_txt2+8
0x065F	0x3420 ;_txt2+9
0x0660	0x3452 ;_txt2+10
0x0661	0x3461 ;_txt2+11
0x0662	0x346D ;_txt2+12
0x0663	0x346F ;_txt2+13
0x0664	0x3473 ;_txt2+14
0x0665	0x3420 ;_txt2+15
0x0666	0x3400 ;_txt2+16
; end of _txt2
;MyProject.c,17 :: _txt20
0x0667	0x3420 ;_txt20+0
0x0668	0x3420 ;_txt20+1
0x0669	0x3420 ;_txt20+2
0x066A	0x3420 ;_txt20+3
0x066B	0x3420 ;_txt20+4
0x066C	0x3420 ;_txt20+5
0x066D	0x3420 ;_txt20+6
0x066E	0x3420 ;_txt20+7
0x066F	0x3420 ;_txt20+8
0x0670	0x3420 ;_txt20+9
0x0671	0x3420 ;_txt20+10
0x0672	0x3420 ;_txt20+11
0x0673	0x3420 ;_txt20+12
0x0674	0x3420 ;_txt20+13
0x0675	0x3420 ;_txt20+14
0x0676	0x3420 ;_txt20+15
0x0677	0x3400 ;_txt20+16
; end of _txt20
;MyProject.c,18 :: _txt21
0x0678	0x3420 ;_txt21+0
0x0679	0x3420 ;_txt21+1
0x067A	0x3420 ;_txt21+2
0x067B	0x3420 ;_txt21+3
0x067C	0x3420 ;_txt21+4
0x067D	0x3420 ;_txt21+5
0x067E	0x3420 ;_txt21+6
0x067F	0x3420 ;_txt21+7
0x0680	0x3420 ;_txt21+8
0x0681	0x3420 ;_txt21+9
0x0682	0x3420 ;_txt21+10
0x0683	0x3420 ;_txt21+11
0x0684	0x3420 ;_txt21+12
0x0685	0x3420 ;_txt21+13
0x0686	0x3420 ;_txt21+14
0x0687	0x3420 ;_txt21+15
0x0688	0x3400 ;_txt21+16
; end of _txt21
;MyProject.c,19 :: _txt22
0x0689	0x3420 ;_txt22+0
0x068A	0x3420 ;_txt22+1
0x068B	0x3420 ;_txt22+2
0x068C	0x3420 ;_txt22+3
0x068D	0x3420 ;_txt22+4
0x068E	0x3420 ;_txt22+5
0x068F	0x3420 ;_txt22+6
0x0690	0x3420 ;_txt22+7
0x0691	0x3420 ;_txt22+8
0x0692	0x3420 ;_txt22+9
0x0693	0x3420 ;_txt22+10
0x0694	0x3420 ;_txt22+11
0x0695	0x3420 ;_txt22+12
0x0696	0x3420 ;_txt22+13
0x0697	0x3420 ;_txt22+14
0x0698	0x3420 ;_txt22+15
0x0699	0x3400 ;_txt22+16
; end of _txt22
;MyProject.c,9 :: _txt10
0x069A	0x3420 ;_txt10+0
0x069B	0x3420 ;_txt10+1
0x069C	0x3453 ;_txt10+2
0x069D	0x3465 ;_txt10+3
0x069E	0x346C ;_txt10+4
0x069F	0x3465 ;_txt10+5
0x06A0	0x3463 ;_txt10+6
0x06A1	0x3463 ;_txt10+7
0x06A2	0x3469 ;_txt10+8
0x06A3	0x346F ;_txt10+9
0x06A4	0x346E ;_txt10+10
0x06A5	0x3465 ;_txt10+11
0x06A6	0x3420 ;_txt10+12
0x06A7	0x3435 ;_txt10+13
0x06A8	0x3420 ;_txt10+14
0x06A9	0x3420 ;_txt10+15
0x06AA	0x3400 ;_txt10+16
; end of _txt10
;MyProject.c,10 :: _txt11
0x06AB	0x3420 ;_txt11+0
0x06AC	0x3420 ;_txt11+1
0x06AD	0x3453 ;_txt11+2
0x06AE	0x3465 ;_txt11+3
0x06AF	0x3463 ;_txt11+4
0x06B0	0x3475 ;_txt11+5
0x06B1	0x3465 ;_txt11+6
0x06B2	0x346E ;_txt11+7
0x06B3	0x3463 ;_txt11+8
0x06B4	0x3469 ;_txt11+9
0x06B5	0x3461 ;_txt11+10
0x06B6	0x3473 ;_txt11+11
0x06B7	0x3420 ;_txt11+12
0x06B8	0x3420 ;_txt11+13
0x06B9	0x3420 ;_txt11+14
0x06BA	0x3420 ;_txt11+15
0x06BB	0x3400 ;_txt11+16
; end of _txt11
;MyProject.c,8 :: _txt7
0x06BC	0x3420 ;_txt7+0
0x06BD	0x3420 ;_txt7+1
0x06BE	0x3420 ;_txt7+2
0x06BF	0x3420 ;_txt7+3
0x06C0	0x3420 ;_txt7+4
0x06C1	0x3420 ;_txt7+5
0x06C2	0x3420 ;_txt7+6
0x06C3	0x3420 ;_txt7+7
0x06C4	0x3420 ;_txt7+8
0x06C5	0x3420 ;_txt7+9
0x06C6	0x3420 ;_txt7+10
0x06C7	0x3420 ;_txt7+11
0x06C8	0x3420 ;_txt7+12
0x06C9	0x3420 ;_txt7+13
0x06CA	0x3420 ;_txt7+14
0x06CB	0x3420 ;_txt7+15
0x06CC	0x3400 ;_txt7+16
; end of _txt7
;MyProject.c,4 :: _txt3
0x06CD	0x3420 ;_txt3+0
0x06CE	0x3420 ;_txt3+1
0x06CF	0x3420 ;_txt3+2
0x06D0	0x3420 ;_txt3+3
0x06D1	0x3420 ;_txt3+4
0x06D2	0x3420 ;_txt3+5
0x06D3	0x3420 ;_txt3+6
0x06D4	0x3420 ;_txt3+7
0x06D5	0x3420 ;_txt3+8
0x06D6	0x3420 ;_txt3+9
0x06D7	0x3420 ;_txt3+10
0x06D8	0x3420 ;_txt3+11
0x06D9	0x3420 ;_txt3+12
0x06DA	0x3420 ;_txt3+13
0x06DB	0x3420 ;_txt3+14
0x06DC	0x3420 ;_txt3+15
0x06DD	0x3400 ;_txt3+16
; end of _txt3
;MyProject.c,5 :: _txt4
0x06DE	0x3420 ;_txt4+0
0x06DF	0x3420 ;_txt4+1
0x06E0	0x3420 ;_txt4+2
0x06E1	0x3420 ;_txt4+3
0x06E2	0x3420 ;_txt4+4
0x06E3	0x3420 ;_txt4+5
0x06E4	0x3420 ;_txt4+6
0x06E5	0x3420 ;_txt4+7
0x06E6	0x3420 ;_txt4+8
0x06E7	0x3420 ;_txt4+9
0x06E8	0x3420 ;_txt4+10
0x06E9	0x3420 ;_txt4+11
0x06EA	0x3420 ;_txt4+12
0x06EB	0x3420 ;_txt4+13
0x06EC	0x3420 ;_txt4+14
0x06ED	0x3420 ;_txt4+15
0x06EE	0x3400 ;_txt4+16
; end of _txt4
Symbol List:
//** Routines locations **
//ADDRESS    SIZE    PROCEDURE
//----------------------------------------------
0x0003       [7]    _Delay_50us
0x000A       [3]    _Delay_1us
0x000D      [13]    _Delay_5500us
0x001A      [64]    _Lcd_Cmd
0x005A       [7]    _____DoICP
0x0061      [53]    _Lcd_Chr
0x0096      [30]    _ver
0x00B4      [45]    _Giro3
0x00E1       [8]    _Lcd_Chr_CP
0x00E9      [45]    _Giro2
0x0116      [45]    _Giro1
0x0143     [150]    _teclado
0x01D9      [32]    _Cantidad3
0x01F9     [162]    _Giros
0x029B      [32]    _Cantidad2
0x02BB      [32]    _Cantidad1
0x02DB      [32]    _Cantidad4
0x02FB      [12]    ___CC2DW
0x0307      [32]    _Cantidad
0x0327      [64]    _Lcd_Out
0x0367      [78]    _Lcd_Init
0x03B5     [450]    _main
//** Variables locations ** 
//ADDRESS    SIZE    VARIABLE
//----------------------------------------------
0x0000       [1]    INDF
0x0002       [1]    PCL
0x0003       [1]    STATUS
0x0004       [1]    FSR
0x0006       [0]    RB4_bit
0x0006       [0]    RB5_bit
0x0006       [0]    LCD_RS
0x0006       [0]    RB3_bit
0x0006       [0]    RB0_bit
0x0006       [0]    RB1_bit
0x0006       [0]    RB2_bit
0x0006       [0]    LCD_D5
0x0006       [0]    LCD_D6
0x0006       [0]    LCD_D7
0x0006       [0]    LCD_D4
0x0006       [0]    LCD_EN
0x0006       [1]    PORTB
0x0007       [1]    PORTC
0x0008       [1]    PORTD
0x0009       [1]    PORTE
0x000A       [1]    PCLATH
0x0020       [1]    ?lstr3_MyProject
0x0021       [1]    ?lstr2_MyProject
0x0022       [1]    ?lstr1_MyProject
0x0023       [1]    ?lstr5_MyProject
0x0024       [1]    ?lstr4_MyProject
0x0025       [2]    _numeros1
0x0027       [2]    _numeros
0x0029       [1]    _x
0x002A       [2]    _VALOR1
0x002C       [2]    _numeros3
0x002E       [2]    _numeros2
0x0030       [2]    _numeros4
0x0032       [1]    _temp
0x0033       [2]    ___DoICPAddr
0x0035       [0]    __Lib_Lcd_cmd_status
0x0036       [2]    _VALOR2
0x0038       [1]    _i
0x0039       [2]    _VALOR
0x003B       [1]    FARG_Lcd_Out_row
0x003C       [1]    FARG_Lcd_Out_column
0x003D       [1]    FARG_Lcd_Out_text
0x003E       [1]    Lcd_Out_i_L0
0x003F       [1]    FARG_Lcd_Chr_CP_out_char
0x0040       [1]    FARG_ver_F
0x0041       [2]    FARG_ver_txt
0x0043       [1]    FARG_Lcd_Chr_row
0x0044       [1]    FARG_Lcd_Chr_column
0x0045       [1]    FARG_Lcd_Chr_out_char
0x0046       [1]    FARG_Lcd_Cmd_out_char
0x0070       [1]    R0
0x0071       [1]    R1
0x0072       [1]    R2
0x0073       [1]    R3
0x0074       [1]    R4
0x0075       [1]    R5
0x0076       [1]    R6
0x0077       [1]    R7
0x0078       [1]    R8
0x0079       [1]    R9
0x007A       [1]    R10
0x007B       [1]    R11
0x007C       [1]    R12
0x007D       [1]    R13
0x007E       [1]    R14
0x007F       [1]    R15
0x0086       [0]    TRISB1_bit
0x0086       [0]    TRISB2_bit
0x0086       [0]    LCD_D6_Direction
0x0086       [0]    LCD_D7_Direction
0x0086       [0]    LCD_RS_Direction
0x0086       [0]    TRISB5_bit
0x0086       [0]    TRISB4_bit
0x0086       [1]    TRISB
0x0086       [0]    TRISB3_bit
0x0086       [0]    LCD_EN_Direction
0x0086       [0]    LCD_D4_Direction
0x0086       [0]    TRISB0_bit
0x0086       [0]    LCD_D5_Direction
0x0087       [1]    TRISC
0x0088       [1]    TRISD
0x0089       [1]    TRISE
0x0107       [0]    C1ON_bit
0x0108       [0]    C2ON_bit
0x0188       [1]    ANSEL
0x0189       [1]    ANSELH
//** Constants locations ** 
//ADDRESS    SIZE    CONSTANT
//----------------------------------------------
0x0577      [18]    _txt6
0x0589      [18]    _txt5
0x059B      [17]    _txt14
0x05AC      [17]    _txt13
0x05BD      [17]    _txt16
0x05CE      [17]    _txt17
0x05DF      [17]    _txt35
0x05F0      [17]    _txt36
0x0601      [17]    _txt37
0x0612      [17]    _txt15
0x0623      [17]    _txt33
0x0634      [17]    _txt34
0x0645      [17]    _txt1
0x0656      [17]    _txt2
0x0667      [17]    _txt20
0x0678      [17]    _txt21
0x0689      [17]    _txt22
0x069A      [17]    _txt10
0x06AB      [17]    _txt11
0x06BC      [17]    _txt7
0x06CD      [17]    _txt3
0x06DE      [17]    _txt4
//** Label List: ** 
//----------------------------------------------
  L_ver0
  L_ver1
  L_ver2
  L_Giro13
  L_Giro14
  L_Giro15
  L_Giro16
  L_Giro17
  L_Giro28
  L_Giro29
  L_Giro210
  L_Giro211
  L_Giro212
  L_Giro313
  L_Giro314
  L_Giro315
  L_Giro316
  L_Giro317
  L_Cantidad18
  L_Cantidad19
  L_Cantidad20
  L_Cantidad21
  L_Cantidad22
  L_Cantidad23
  L_Cantidad124
  L_Cantidad125
  L_Cantidad126
  L_Cantidad127
  L_Cantidad128
  L_Cantidad129
  L_Cantidad230
  L_Cantidad231
  L_Cantidad232
  L_Cantidad233
  L_Cantidad234
  L_Cantidad235
  L_Cantidad336
  L_Cantidad337
  L_Cantidad338
  L_Cantidad339
  L_Cantidad340
  L_Cantidad341
  L_Cantidad442
  L_Cantidad443
  L_Cantidad444
  L_Cantidad445
  L_Cantidad446
  L_Cantidad447
  L_Giros48
  L_Giros49
  L_Giros50
  L_Giros51
  L_Giros52
  L_Giros53
  L_Giros54
  L_Giros55
  L_Giros56
  L_Giros57
  L_Giros58
  L_Giros59
  L_Giros60
  L_Giros61
  L_Giros62
  L_Giros63
  L_Giros64
  L_Giros65
  L_Giros66
  L_Giros67
  L_Giros68
  L_Giros69
  L_Giros70
  L_Giros71
  L_Giros72
  L_Giros73
  L_teclado74
  L_teclado75
  L_teclado76
  L_teclado77
  L_teclado78
  L_teclado79
  L_teclado80
  L_teclado81
  L_teclado82
  L_teclado83
  L_teclado84
  L_teclado85
  L_teclado86
  L_teclado87
  L_teclado88
  L_teclado89
  L_teclado90
  L_teclado91
  L_teclado92
  L_teclado93
  L_teclado94
  L_teclado95
  L_teclado96
  L_teclado97
  L_teclado98
  L_teclado99
  L_teclado100
  L_teclado101
  L_main102
  L_main103
  L_main104
  L_main105
  L_main106
  L_main107
  L_main108
  L_main109
  L_main110
  L_main111
  L_main112
  L_main113
  L_main114
  L__Cantidad115
  L__Cantidad1116
  L__Cantidad2117
  L__Cantidad3118
  L__Cantidad4119
  L_end_ver
  _ver
  L_end_Giro1
  _Giro1
  L__Giro1122
  L_end_Giro2
  _Giro2
  L__Giro2124
  L_end_Giro3
  _Giro3
  L__Giro3126
  L_end_Cantidad
  _Cantidad
  L_end_Cantidad1
  _Cantidad1
  L_end_Cantidad2
  _Cantidad2
  L_end_Cantidad3
  _Cantidad3
  L_end_Cantidad4
  _Cantidad4
  L_end_Giros
  _Giros
  L__Giros133
  L__Giros134
  L__Giros135
  L__Giros136
  L__Giros137
  L__Giros138
  L__Giros139
  L__Giros140
  L__Giros141
  L__Giros142
  L__Giros143
  L__Giros144
  L__Giros145
  L__Giros146
  L__Giros147
  L_end_teclado
  _teclado
  L_end_main
  _main
  L_Delay_10us0
  L_Delay_22us1
  L_Delay_50us2
  L_Delay_80us3
  L_Delay_500us4
  L_Delay_5500us5
  L_Delay_1ms6
  L_Delay_5ms7
  L_Delay_8ms8
  L_Delay_10ms9
  L_Delay_100ms10
  L_Delay_1sec11
  L_boot16_Delay_5ms12
  L_Delay_Cyc13
  L_Delay_Cyc14
  L_VDelay_ms15
  L_VDelay_ms16
  L_VDelay_ms17
  L_VDelay_Advanced_ms18
  L_VDelay_Advanced_ms19
  L_VDelay_Advanced_ms20
  L_end_Get_Fosc_kHz
  _Get_Fosc_kHz
  L_end_Delay_1us
  _Delay_1us
  L_end_Delay_10us
  _Delay_10us
  L_end_Delay_22us
  _Delay_22us
  L_end_Delay_50us
  _Delay_50us
  L_end_Delay_80us
  _Delay_80us
  L_end_Delay_500us
  _Delay_500us
  L_end_Delay_5500us
  _Delay_5500us
  L_end_Delay_1ms
  _Delay_1ms
  L_end_Delay_5ms
  _Delay_5ms
  L_end_Delay_8ms
  _Delay_8ms
  L_end_Delay_10ms
  _Delay_10ms
  L_end_Delay_100ms
  _Delay_100ms
  L_end_Delay_1sec
  _Delay_1sec
  L_end_boot16_Delay_5ms
  _boot16_Delay_5ms
  L_end_Delay_Cyc
  _Delay_Cyc
  L_end_VDelay_ms
  _VDelay_ms
  L__VDelay_ms38
  L__VDelay_ms39
  L__VDelay_ms40
  L_end_VDelay_Advanced_ms
  _VDelay_Advanced_ms
  L__VDelay_Advanced_ms42
  L__VDelay_Advanced_ms43
  L__VDelay_Advanced_ms44
  L_Lcd_Cmd0
  L_Lcd_Cmd1
  L_Lcd_Out_CP2
  L_Lcd_Out_CP3
  L_Lcd_Chr4
  L_Lcd_Chr5
  L_Lcd_Chr6
  L_Lcd_Chr7
  L_Lcd_Chr8
  L_Lcd_Chr9
  L_Lcd_Chr10
  L_Lcd_Out11
  L_Lcd_Out12
  L_Lcd_Out13
  L_Lcd_Out14
  L_Lcd_Out15
  L_Lcd_Out16
  L_Lcd_Out17
  L_Lcd_Out18
  L_Lcd_Out19
  L_end_Lcd_Cmd
  _Lcd_Cmd
  L__Lcd_Cmd21
  L__Lcd_Cmd22
  L__Lcd_Cmd23
  L__Lcd_Cmd24
  L__Lcd_Cmd25
  L__Lcd_Cmd26
  L__Lcd_Cmd27
  L__Lcd_Cmd28
  L__Lcd_Cmd29
  L__Lcd_Cmd30
  L__Lcd_Cmd31
  L__Lcd_Cmd32
  L__Lcd_Cmd33
  L__Lcd_Cmd34
  L__Lcd_Cmd35
  L__Lcd_Cmd36
  L__Lcd_Cmd37
  L__Lcd_Cmd38
  L__Lcd_Cmd39
  L__Lcd_Cmd40
  L_end_Lcd_Chr_CP
  _Lcd_Chr_CP
  L_end_Lcd_Out_CP
  _Lcd_Out_CP
  L_end_Lcd_Chr
  _Lcd_Chr
  L_end_Lcd_Init
  _Lcd_Init
  L_end_Lcd_Out
  _Lcd_Out
  L_loopCA2AWs
  L_CA2AWend
  _CCA2AW_Loop1
  L_loopCS2Ss
  L_CS2Send
  _CCS2S_Loop1
  L_CCS2Send
  L_loopFZinSWs
  L_FZinSend
  _CC2D_Loop1
  L_end_____DoICP
  _____DoICP
  L_end_____DoIFC
  _____DoIFC
  L_end___CA2AW
  ___CA2AW
  L_end___CCA2AW
  ___CCA2AW
  L_end___CS2S
  ___CS2S
  L_end___CCS2S
  ___CCS2S
  L_end___FZinS
  ___FZinS
  L_end___CC2DW
  ___CC2DW
  L_end_Swap
  _Swap
