0	1	mikroCPIC1618.exe -MSF -DBG -pP16F887 -DL -O11111114 -fo8 -N"C:\Users\master\Desktop\SSPPSE\Practica11\prac11.mcppi" -SP"C:\Users\Public\Documents\Mikroelektronika\mikroC PRO for PIC\Defs\" -SP"C:\Users\Public\Documents\Mikroelektronika\mikroC PRO for PIC\Uses\P16\" -SP"C:\Users\master\Desktop\SSPPSE\Practica11\" -SP"C:\Users\master\Desktop\45\" "prac11.c" "__Lib_Math.mcl" "__Lib_MathDouble.mcl" "__Lib_System.mcl" "__Lib_Delays.mcl" "__Lib_CType.mcl" "__Lib_CString.mcl" "__Lib_CStdlib.mcl" "__Lib_CMath.mcl" "__Lib_MemManager.mcl" "__Lib_Conversions.mcl" "__Lib_Sprinti.mcl" "__Lib_Sprintl.mcl" "__Lib_Time.mcl" "__Lib_Trigonometry.mcl" "__Lib_Button.mcl" "__Lib_Keypad4x4.mcl" "__Lib_Manchester.mcl" "__Lib_OneWire.mcl" "__Lib_PS2.mcl" "__Lib_Sound.mcl" "__Lib_SoftI2C.mcl" "__Lib_SoftSPI.mcl" "__Lib_SoftUART.mcl" "__Lib_ADC_88X.mcl" "__Lib_EEPROM.mcl" "__Lib_FLASH_RW.mcl" "__Lib_I2C_c34.mcl" "__Lib_PWM_c21.mcl" "__Lib_SPI_c345.mcl" "__Lib_UART_c67.mcl" "__Lib_PortExpander.mcl" "__Lib_CANSPI.mcl" "__Lib_CF.mcl" "__Lib_GlcdFonts.mcl" "__Lib_Glcd.mcl" "__Lib_LcdConsts.mcl" "__Lib_Lcd.mcl" "__Lib_RS485.mcl" "__Lib_S1D13700.mcl" "__Lib_T6963C.mcl" "__Lib_SPIGlcd.mcl" "__Lib_SPILcd.mcl" "__Lib_SPILcd8.mcl" "__Lib_SPIT6963C.mcl" "__Lib_EthEnc28j60.mcl" "__Lib_EthEnc24j600.mcl" "__Lib_TouchPanel.mcl"	 
hint: 0	1139	Available RAM: 352 [bytes], Available ROM: 8192 [bytes]	 
diagnostics: 0	122	Compilation Started	prac11.c
error: 42	324	Undeclared identifier 'txt20' in expression	prac11.c
warning: 42	1508	Implicit conversion of int to ptr	prac11.c
warning: 48	1503	Result is not defined in function: 'Giro90'	prac11.c
error: 53	324	Undeclared identifier 'txt21' in expression	prac11.c
warning: 53	1508	Implicit conversion of int to ptr	prac11.c
warning: 59	1503	Result is not defined in function: 'Giro0'	prac11.c
error: 64	324	Undeclared identifier 'txt22' in expression	prac11.c
warning: 64	1508	Implicit conversion of int to ptr	prac11.c
warning: 70	1503	Result is not defined in function: 'Giro180'	prac11.c
error: 314	324	Undeclared identifier 'txt3' in expression	prac11.c
warning: 314	1508	Implicit conversion of int to ptr	prac11.c
error: 315	324	Undeclared identifier 'txt4' in expression	prac11.c
warning: 315	1508	Implicit conversion of int to ptr	prac11.c
error: 325	324	Undeclared identifier 'txt10' in expression	prac11.c
warning: 325	1508	Implicit conversion of int to ptr	prac11.c
error: 326	324	Undeclared identifier 'txt11' in expression	prac11.c
warning: 326	1508	Implicit conversion of int to ptr	prac11.c
error: 329	324	Undeclared identifier 'txt13' in expression	prac11.c
warning: 329	1508	Implicit conversion of int to ptr	prac11.c
error: 332	324	Undeclared identifier 'txt16' in expression	prac11.c
warning: 332	1508	Implicit conversion of int to ptr	prac11.c
error: 333	324	Undeclared identifier 'txt17' in expression	prac11.c
warning: 333	1508	Implicit conversion of int to ptr	prac11.c
error: 336	324	Undeclared identifier 'txt14' in expression	prac11.c
warning: 336	1508	Implicit conversion of int to ptr	prac11.c
error: 339	324	Undeclared identifier 'txt16' in expression	prac11.c
warning: 339	1508	Implicit conversion of int to ptr	prac11.c
error: 340	324	Undeclared identifier 'txt17' in expression	prac11.c
warning: 340	1508	Implicit conversion of int to ptr	prac11.c
error: 343	324	Undeclared identifier 'txt15' in expression	prac11.c
warning: 343	1508	Implicit conversion of int to ptr	prac11.c
error: 346	324	Undeclared identifier 'txt16' in expression	prac11.c
warning: 346	1508	Implicit conversion of int to ptr	prac11.c
error: 347	324	Undeclared identifier 'txt17' in expression	prac11.c
warning: 347	1508	Implicit conversion of int to ptr	prac11.c
error: 351	324	Undeclared identifier 'txt23' in expression	prac11.c
warning: 351	1508	Implicit conversion of int to ptr	prac11.c
error: 355	324	Undeclared identifier 'txt24' in expression	prac11.c
warning: 355	1508	Implicit conversion of int to ptr	prac11.c
error: 359	324	Undeclared identifier 'txt25' in expression	prac11.c
warning: 359	1508	Implicit conversion of int to ptr	prac11.c
error: 363	324	Undeclared identifier 'txt26' in expression	prac11.c
warning: 363	1508	Implicit conversion of int to ptr	prac11.c
error: 367	324	Undeclared identifier 'txt27' in expression	prac11.c
warning: 367	1508	Implicit conversion of int to ptr	prac11.c
error: 0	102	Finished (with errors): 15 nov 2016, 20:55:57	prac11.mcppi
